\BOOKMARK [0][-]{chapter.1}{\376\377\0001\000\040\000N\000a\000m\000e\000s\000p\000a\000c\000e\000\040\000I\000n\000d\000e\000x}{}% 1
\BOOKMARK [1][-]{section.1.1}{\376\377\0001\000.\0001\000\040\000N\000a\000m\000e\000s\000p\000a\000c\000e\000\040\000L\000i\000s\000t}{chapter.1}% 2
\BOOKMARK [0][-]{chapter.2}{\376\377\0002\000\040\000C\000o\000n\000c\000e\000p\000t\000\040\000I\000n\000d\000e\000x}{}% 3
\BOOKMARK [1][-]{section.2.1}{\376\377\0002\000.\0001\000\040\000C\000o\000n\000c\000e\000p\000t\000s}{chapter.2}% 4
\BOOKMARK [0][-]{chapter.3}{\376\377\0003\000\040\000H\000i\000e\000r\000a\000r\000c\000h\000i\000c\000a\000l\000\040\000I\000n\000d\000e\000x}{}% 5
\BOOKMARK [1][-]{section.3.1}{\376\377\0003\000.\0001\000\040\000C\000l\000a\000s\000s\000\040\000H\000i\000e\000r\000a\000r\000c\000h\000y}{chapter.3}% 6
\BOOKMARK [0][-]{chapter.4}{\376\377\0004\000\040\000C\000l\000a\000s\000s\000\040\000I\000n\000d\000e\000x}{}% 7
\BOOKMARK [1][-]{section.4.1}{\376\377\0004\000.\0001\000\040\000C\000l\000a\000s\000s\000\040\000L\000i\000s\000t}{chapter.4}% 8
\BOOKMARK [0][-]{chapter.5}{\376\377\0005\000\040\000F\000i\000l\000e\000\040\000I\000n\000d\000e\000x}{}% 9
\BOOKMARK [1][-]{section.5.1}{\376\377\0005\000.\0001\000\040\000F\000i\000l\000e\000\040\000L\000i\000s\000t}{chapter.5}% 10
\BOOKMARK [0][-]{chapter.6}{\376\377\0006\000\040\000N\000a\000m\000e\000s\000p\000a\000c\000e\000\040\000D\000o\000c\000u\000m\000e\000n\000t\000a\000t\000i\000o\000n}{}% 11
\BOOKMARK [1][-]{section.6.1}{\376\377\0006\000.\0001\000\040\000c\000o\000m\000p\000p\000a\000r\000e\000\040\000N\000a\000m\000e\000s\000p\000a\000c\000e\000\040\000R\000e\000f\000e\000r\000e\000n\000c\000e}{chapter.6}% 12
\BOOKMARK [2][-]{subsection.6.1.1}{\376\377\0006\000.\0001\000.\0001\000\040\000D\000e\000t\000a\000i\000l\000e\000d\000\040\000D\000e\000s\000c\000r\000i\000p\000t\000i\000o\000n}{section.6.1}% 13
\BOOKMARK [2][-]{subsection.6.1.2}{\376\377\0006\000.\0001\000.\0002\000\040\000T\000y\000p\000e\000d\000e\000f\000\040\000D\000o\000c\000u\000m\000e\000n\000t\000a\000t\000i\000o\000n}{section.6.1}% 14
\BOOKMARK [3][-]{subsubsection.6.1.2.1}{\376\377\0006\000.\0001\000.\0002\000.\0001\000\040\000s\000e\000t\000\137\000p\000o\000l\000i\000c\000y}{subsection.6.1.2}% 15
\BOOKMARK [2][-]{subsection.6.1.3}{\376\377\0006\000.\0001\000.\0003\000\040\000F\000u\000n\000c\000t\000i\000o\000n\000\040\000D\000o\000c\000u\000m\000e\000n\000t\000a\000t\000i\000o\000n}{section.6.1}% 16
\BOOKMARK [3][-]{subsubsection.6.1.3.1}{\376\377\0006\000.\0001\000.\0003\000.\0001\000\040\000C\000l\000o\000b\000b\000e\000r\000M\000e\000m\000o\000r\000y\000\050\000\051}{subsection.6.1.3}% 17
\BOOKMARK [3][-]{subsubsection.6.1.3.2}{\376\377\0006\000.\0001\000.\0003\000.\0002\000\040\000D\000o\000N\000o\000t\000O\000p\000t\000i\000m\000i\000z\000e\000\050\000\051\000\040\000[\0001\000/\0003\000]}{subsection.6.1.3}% 18
\BOOKMARK [3][-]{subsubsection.6.1.3.3}{\376\377\0006\000.\0001\000.\0003\000.\0003\000\040\000D\000o\000N\000o\000t\000O\000p\000t\000i\000m\000i\000z\000e\000\050\000\051\000\040\000[\0002\000/\0003\000]}{subsection.6.1.3}% 19
\BOOKMARK [3][-]{subsubsection.6.1.3.4}{\376\377\0006\000.\0001\000.\0003\000.\0004\000\040\000D\000o\000N\000o\000t\000O\000p\000t\000i\000m\000i\000z\000e\000\050\000\051\000\040\000[\0003\000/\0003\000]}{subsection.6.1.3}% 20
\BOOKMARK [1][-]{section.6.2}{\376\377\0006\000.\0002\000\040\000c\000o\000m\000p\000p\000a\000r\000e\000:\000:\000i\000n\000t\000e\000r\000n\000a\000l\000\040\000N\000a\000m\000e\000s\000p\000a\000c\000e\000\040\000R\000e\000f\000e\000r\000e\000n\000c\000e}{chapter.6}% 21
\BOOKMARK [1][-]{section.6.3}{\376\377\0006\000.\0003\000\040\000c\000o\000m\000p\000p\000a\000r\000e\000:\000:\000i\000n\000t\000e\000r\000n\000a\000l\000:\000:\000a\000n\000s\000i\000\040\000N\000a\000m\000e\000s\000p\000a\000c\000e\000\040\000R\000e\000f\000e\000r\000e\000n\000c\000e}{chapter.6}% 22
\BOOKMARK [2][-]{subsection.6.3.1}{\376\377\0006\000.\0003\000.\0001\000\040\000T\000y\000p\000e\000d\000e\000f\000\040\000D\000o\000c\000u\000m\000e\000n\000t\000a\000t\000i\000o\000n}{section.6.3}% 23
\BOOKMARK [3][-]{subsubsection.6.3.1.1}{\376\377\0006\000.\0003\000.\0001\000.\0001\000\040\000A\000W}{subsection.6.3.1}% 24
\BOOKMARK [2][-]{subsection.6.3.2}{\376\377\0006\000.\0003\000.\0002\000\040\000F\000u\000n\000c\000t\000i\000o\000n\000\040\000D\000o\000c\000u\000m\000e\000n\000t\000a\000t\000i\000o\000n}{section.6.3}% 25
\BOOKMARK [3][-]{subsubsection.6.3.2.1}{\376\377\0006\000.\0003\000.\0002\000.\0001\000\040\000A\000N\000S\000I\000\137\000D\000E\000F\000I\000N\000E\000\050\000\051\000\040\000[\0001\000/\0004\0001\000]}{subsection.6.3.2}% 26
\BOOKMARK [3][-]{subsubsection.6.3.2.2}{\376\377\0006\000.\0003\000.\0002\000.\0002\000\040\000A\000N\000S\000I\000\137\000D\000E\000F\000I\000N\000E\000\050\000\051\000\040\000[\0002\000/\0004\0001\000]}{subsection.6.3.2}% 27
\BOOKMARK [3][-]{subsubsection.6.3.2.3}{\376\377\0006\000.\0003\000.\0002\000.\0003\000\040\000A\000N\000S\000I\000\137\000D\000E\000F\000I\000N\000E\000\050\000\051\000\040\000[\0003\000/\0004\0001\000]}{subsection.6.3.2}% 28
\BOOKMARK [3][-]{subsubsection.6.3.2.4}{\376\377\0006\000.\0003\000.\0002\000.\0004\000\040\000A\000N\000S\000I\000\137\000D\000E\000F\000I\000N\000E\000\050\000\051\000\040\000[\0004\000/\0004\0001\000]}{subsection.6.3.2}% 29
\BOOKMARK [3][-]{subsubsection.6.3.2.5}{\376\377\0006\000.\0003\000.\0002\000.\0005\000\040\000A\000N\000S\000I\000\137\000D\000E\000F\000I\000N\000E\000\050\000\051\000\040\000[\0005\000/\0004\0001\000]}{subsection.6.3.2}% 30
\BOOKMARK [3][-]{subsubsection.6.3.2.6}{\376\377\0006\000.\0003\000.\0002\000.\0006\000\040\000A\000N\000S\000I\000\137\000D\000E\000F\000I\000N\000E\000\050\000\051\000\040\000[\0006\000/\0004\0001\000]}{subsection.6.3.2}% 31
\BOOKMARK [3][-]{subsubsection.6.3.2.7}{\376\377\0006\000.\0003\000.\0002\000.\0007\000\040\000A\000N\000S\000I\000\137\000D\000E\000F\000I\000N\000E\000\050\000\051\000\040\000[\0007\000/\0004\0001\000]}{subsection.6.3.2}% 32
\BOOKMARK [3][-]{subsubsection.6.3.2.8}{\376\377\0006\000.\0003\000.\0002\000.\0008\000\040\000A\000N\000S\000I\000\137\000D\000E\000F\000I\000N\000E\000\050\000\051\000\040\000[\0008\000/\0004\0001\000]}{subsection.6.3.2}% 33
\BOOKMARK [3][-]{subsubsection.6.3.2.9}{\376\377\0006\000.\0003\000.\0002\000.\0009\000\040\000A\000N\000S\000I\000\137\000D\000E\000F\000I\000N\000E\000\050\000\051\000\040\000[\0009\000/\0004\0001\000]}{subsection.6.3.2}% 34
\BOOKMARK [3][-]{subsubsection.6.3.2.10}{\376\377\0006\000.\0003\000.\0002\000.\0001\0000\000\040\000A\000N\000S\000I\000\137\000D\000E\000F\000I\000N\000E\000\050\000\051\000\040\000[\0001\0000\000/\0004\0001\000]}{subsection.6.3.2}% 35
\BOOKMARK [3][-]{subsubsection.6.3.2.11}{\376\377\0006\000.\0003\000.\0002\000.\0001\0001\000\040\000A\000N\000S\000I\000\137\000D\000E\000F\000I\000N\000E\000\050\000\051\000\040\000[\0001\0001\000/\0004\0001\000]}{subsection.6.3.2}% 36
\BOOKMARK [3][-]{subsubsection.6.3.2.12}{\376\377\0006\000.\0003\000.\0002\000.\0001\0002\000\040\000A\000N\000S\000I\000\137\000D\000E\000F\000I\000N\000E\000\050\000\051\000\040\000[\0001\0002\000/\0004\0001\000]}{subsection.6.3.2}% 37
\BOOKMARK [3][-]{subsubsection.6.3.2.13}{\376\377\0006\000.\0003\000.\0002\000.\0001\0003\000\040\000A\000N\000S\000I\000\137\000D\000E\000F\000I\000N\000E\000\050\000\051\000\040\000[\0001\0003\000/\0004\0001\000]}{subsection.6.3.2}% 38
\BOOKMARK [3][-]{subsubsection.6.3.2.14}{\376\377\0006\000.\0003\000.\0002\000.\0001\0004\000\040\000A\000N\000S\000I\000\137\000D\000E\000F\000I\000N\000E\000\050\000\051\000\040\000[\0001\0004\000/\0004\0001\000]}{subsection.6.3.2}% 39
\BOOKMARK [3][-]{subsubsection.6.3.2.15}{\376\377\0006\000.\0003\000.\0002\000.\0001\0005\000\040\000A\000N\000S\000I\000\137\000D\000E\000F\000I\000N\000E\000\050\000\051\000\040\000[\0001\0005\000/\0004\0001\000]}{subsection.6.3.2}% 40
\BOOKMARK [3][-]{subsubsection.6.3.2.16}{\376\377\0006\000.\0003\000.\0002\000.\0001\0006\000\040\000A\000N\000S\000I\000\137\000D\000E\000F\000I\000N\000E\000\050\000\051\000\040\000[\0001\0006\000/\0004\0001\000]}{subsection.6.3.2}% 41
\BOOKMARK [3][-]{subsubsection.6.3.2.17}{\376\377\0006\000.\0003\000.\0002\000.\0001\0007\000\040\000A\000N\000S\000I\000\137\000D\000E\000F\000I\000N\000E\000\050\000\051\000\040\000[\0001\0007\000/\0004\0001\000]}{subsection.6.3.2}% 42
\BOOKMARK [3][-]{subsubsection.6.3.2.18}{\376\377\0006\000.\0003\000.\0002\000.\0001\0008\000\040\000A\000N\000S\000I\000\137\000D\000E\000F\000I\000N\000E\000\050\000\051\000\040\000[\0001\0008\000/\0004\0001\000]}{subsection.6.3.2}% 43
\BOOKMARK [3][-]{subsubsection.6.3.2.19}{\376\377\0006\000.\0003\000.\0002\000.\0001\0009\000\040\000A\000N\000S\000I\000\137\000D\000E\000F\000I\000N\000E\000\050\000\051\000\040\000[\0001\0009\000/\0004\0001\000]}{subsection.6.3.2}% 44
\BOOKMARK [3][-]{subsubsection.6.3.2.20}{\376\377\0006\000.\0003\000.\0002\000.\0002\0000\000\040\000A\000N\000S\000I\000\137\000D\000E\000F\000I\000N\000E\000\050\000\051\000\040\000[\0002\0000\000/\0004\0001\000]}{subsection.6.3.2}% 45
\BOOKMARK [3][-]{subsubsection.6.3.2.21}{\376\377\0006\000.\0003\000.\0002\000.\0002\0001\000\040\000A\000N\000S\000I\000\137\000D\000E\000F\000I\000N\000E\000\050\000\051\000\040\000[\0002\0001\000/\0004\0001\000]}{subsection.6.3.2}% 46
\BOOKMARK [3][-]{subsubsection.6.3.2.22}{\376\377\0006\000.\0003\000.\0002\000.\0002\0002\000\040\000A\000N\000S\000I\000\137\000D\000E\000F\000I\000N\000E\000\050\000\051\000\040\000[\0002\0002\000/\0004\0001\000]}{subsection.6.3.2}% 47
\BOOKMARK [3][-]{subsubsection.6.3.2.23}{\376\377\0006\000.\0003\000.\0002\000.\0002\0003\000\040\000A\000N\000S\000I\000\137\000D\000E\000F\000I\000N\000E\000\050\000\051\000\040\000[\0002\0003\000/\0004\0001\000]}{subsection.6.3.2}% 48
\BOOKMARK [3][-]{subsubsection.6.3.2.24}{\376\377\0006\000.\0003\000.\0002\000.\0002\0004\000\040\000A\000N\000S\000I\000\137\000D\000E\000F\000I\000N\000E\000\050\000\051\000\040\000[\0002\0004\000/\0004\0001\000]}{subsection.6.3.2}% 49
\BOOKMARK [3][-]{subsubsection.6.3.2.25}{\376\377\0006\000.\0003\000.\0002\000.\0002\0005\000\040\000A\000N\000S\000I\000\137\000D\000E\000F\000I\000N\000E\000\050\000\051\000\040\000[\0002\0005\000/\0004\0001\000]}{subsection.6.3.2}% 50
\BOOKMARK [3][-]{subsubsection.6.3.2.26}{\376\377\0006\000.\0003\000.\0002\000.\0002\0006\000\040\000A\000N\000S\000I\000\137\000D\000E\000F\000I\000N\000E\000\050\000\051\000\040\000[\0002\0006\000/\0004\0001\000]}{subsection.6.3.2}% 51
\BOOKMARK [3][-]{subsubsection.6.3.2.27}{\376\377\0006\000.\0003\000.\0002\000.\0002\0007\000\040\000A\000N\000S\000I\000\137\000D\000E\000F\000I\000N\000E\000\050\000\051\000\040\000[\0002\0007\000/\0004\0001\000]}{subsection.6.3.2}% 52
\BOOKMARK [3][-]{subsubsection.6.3.2.28}{\376\377\0006\000.\0003\000.\0002\000.\0002\0008\000\040\000A\000N\000S\000I\000\137\000D\000E\000F\000I\000N\000E\000\050\000\051\000\040\000[\0002\0008\000/\0004\0001\000]}{subsection.6.3.2}% 53
\BOOKMARK [3][-]{subsubsection.6.3.2.29}{\376\377\0006\000.\0003\000.\0002\000.\0002\0009\000\040\000A\000N\000S\000I\000\137\000D\000E\000F\000I\000N\000E\000\050\000\051\000\040\000[\0002\0009\000/\0004\0001\000]}{subsection.6.3.2}% 54
\BOOKMARK [3][-]{subsubsection.6.3.2.30}{\376\377\0006\000.\0003\000.\0002\000.\0003\0000\000\040\000A\000N\000S\000I\000\137\000D\000E\000F\000I\000N\000E\000\050\000\051\000\040\000[\0003\0000\000/\0004\0001\000]}{subsection.6.3.2}% 55
\BOOKMARK [3][-]{subsubsection.6.3.2.31}{\376\377\0006\000.\0003\000.\0002\000.\0003\0001\000\040\000A\000N\000S\000I\000\137\000D\000E\000F\000I\000N\000E\000\050\000\051\000\040\000[\0003\0001\000/\0004\0001\000]}{subsection.6.3.2}% 56
\BOOKMARK [3][-]{subsubsection.6.3.2.32}{\376\377\0006\000.\0003\000.\0002\000.\0003\0002\000\040\000A\000N\000S\000I\000\137\000D\000E\000F\000I\000N\000E\000\050\000\051\000\040\000[\0003\0002\000/\0004\0001\000]}{subsection.6.3.2}% 57
\BOOKMARK [3][-]{subsubsection.6.3.2.33}{\376\377\0006\000.\0003\000.\0002\000.\0003\0003\000\040\000A\000N\000S\000I\000\137\000D\000E\000F\000I\000N\000E\000\050\000\051\000\040\000[\0003\0003\000/\0004\0001\000]}{subsection.6.3.2}% 58
\BOOKMARK [3][-]{subsubsection.6.3.2.34}{\376\377\0006\000.\0003\000.\0002\000.\0003\0004\000\040\000A\000N\000S\000I\000\137\000D\000E\000F\000I\000N\000E\000\050\000\051\000\040\000[\0003\0004\000/\0004\0001\000]}{subsection.6.3.2}% 59
\BOOKMARK [3][-]{subsubsection.6.3.2.35}{\376\377\0006\000.\0003\000.\0002\000.\0003\0005\000\040\000A\000N\000S\000I\000\137\000D\000E\000F\000I\000N\000E\000\050\000\051\000\040\000[\0003\0005\000/\0004\0001\000]}{subsection.6.3.2}% 60
\BOOKMARK [3][-]{subsubsection.6.3.2.36}{\376\377\0006\000.\0003\000.\0002\000.\0003\0006\000\040\000A\000N\000S\000I\000\137\000D\000E\000F\000I\000N\000E\000\050\000\051\000\040\000[\0003\0006\000/\0004\0001\000]}{subsection.6.3.2}% 61
\BOOKMARK [3][-]{subsubsection.6.3.2.37}{\376\377\0006\000.\0003\000.\0002\000.\0003\0007\000\040\000A\000N\000S\000I\000\137\000D\000E\000F\000I\000N\000E\000\050\000\051\000\040\000[\0003\0007\000/\0004\0001\000]}{subsection.6.3.2}% 62
\BOOKMARK [3][-]{subsubsection.6.3.2.38}{\376\377\0006\000.\0003\000.\0002\000.\0003\0008\000\040\000A\000N\000S\000I\000\137\000D\000E\000F\000I\000N\000E\000\050\000\051\000\040\000[\0003\0008\000/\0004\0001\000]}{subsection.6.3.2}% 63
\BOOKMARK [3][-]{subsubsection.6.3.2.39}{\376\377\0006\000.\0003\000.\0002\000.\0003\0009\000\040\000A\000N\000S\000I\000\137\000D\000E\000F\000I\000N\000E\000\050\000\051\000\040\000[\0003\0009\000/\0004\0001\000]}{subsection.6.3.2}% 64
\BOOKMARK [3][-]{subsubsection.6.3.2.40}{\376\377\0006\000.\0003\000.\0002\000.\0004\0000\000\040\000A\000N\000S\000I\000\137\000D\000E\000F\000I\000N\000E\000\050\000\051\000\040\000[\0004\0000\000/\0004\0001\000]}{subsection.6.3.2}% 65
\BOOKMARK [3][-]{subsubsection.6.3.2.41}{\376\377\0006\000.\0003\000.\0002\000.\0004\0001\000\040\000A\000N\000S\000I\000\137\000D\000E\000F\000I\000N\000E\000\050\000\051\000\040\000[\0004\0001\000/\0004\0001\000]}{subsection.6.3.2}% 66
\BOOKMARK [1][-]{section.6.4}{\376\377\0006\000.\0004\000\040\000c\000o\000m\000p\000p\000a\000r\000e\000:\000:\000i\000n\000t\000e\000r\000n\000a\000l\000:\000:\000c\000o\000n\000c\000e\000p\000t\000s\000\040\000N\000a\000m\000e\000s\000p\000a\000c\000e\000\040\000R\000e\000f\000e\000r\000e\000n\000c\000e}{chapter.6}% 67
\BOOKMARK [1][-]{section.6.5}{\376\377\0006\000.\0005\000\040\000c\000o\000m\000p\000p\000a\000r\000e\000:\000:\000i\000n\000t\000e\000r\000n\000a\000l\000:\000:\000h\000e\000l\000p\000e\000r\000\040\000N\000a\000m\000e\000s\000p\000a\000c\000e\000\040\000R\000e\000f\000e\000r\000e\000n\000c\000e}{chapter.6}% 68
\BOOKMARK [2][-]{subsection.6.5.1}{\376\377\0006\000.\0005\000.\0001\000\040\000F\000u\000n\000c\000t\000i\000o\000n\000\040\000D\000o\000c\000u\000m\000e\000n\000t\000a\000t\000i\000o\000n}{section.6.5}% 69
\BOOKMARK [3][-]{subsubsection.6.5.1.1}{\376\377\0006\000.\0005\000.\0001\000.\0001\000\040\000g\000e\000t\000\137\000a\000r\000g\000\137\000v\000a\000l\000u\000e\000\050\000\051}{subsection.6.5.1}% 70
\BOOKMARK [3][-]{subsubsection.6.5.1.2}{\376\377\0006\000.\0005\000.\0001\000.\0002\000\040\000p\000a\000r\000s\000e\000\137\000a\000r\000g\000s\000\050\000\051}{subsection.6.5.1}% 71
\BOOKMARK [1][-]{section.6.6}{\376\377\0006\000.\0006\000\040\000c\000o\000m\000p\000p\000a\000r\000e\000:\000:\000i\000n\000t\000e\000r\000n\000a\000l\000:\000:\000p\000o\000l\000i\000c\000y\000\040\000N\000a\000m\000e\000s\000p\000a\000c\000e\000\040\000R\000e\000f\000e\000r\000e\000n\000c\000e}{chapter.6}% 72
\BOOKMARK [2][-]{subsection.6.6.1}{\376\377\0006\000.\0006\000.\0001\000\040\000F\000u\000n\000c\000t\000i\000o\000n\000\040\000D\000o\000c\000u\000m\000e\000n\000t\000a\000t\000i\000o\000n}{section.6.6}% 73
\BOOKMARK [3][-]{subsubsection.6.6.1.1}{\376\377\0006\000.\0006\000.\0001\000.\0001\000\040\000c\000o\000m\000p\000u\000t\000e\000\137\000e\000r\000r\000o\000r\000\050\000\051\000\040\000[\0001\000/\0002\000]}{subsection.6.6.1}% 74
\BOOKMARK [3][-]{subsubsection.6.6.1.2}{\376\377\0006\000.\0006\000.\0001\000.\0002\000\040\000c\000o\000m\000p\000u\000t\000e\000\137\000e\000r\000r\000o\000r\000\050\000\051\000\040\000[\0002\000/\0002\000]}{subsection.6.6.1}% 75
\BOOKMARK [3][-]{subsubsection.6.6.1.3}{\376\377\0006\000.\0006\000.\0001\000.\0003\000\040\000i\000s\000\137\000f\000a\000i\000l\000\050\000\051\000\040\000[\0001\000/\0002\000]}{subsection.6.6.1}% 76
\BOOKMARK [3][-]{subsubsection.6.6.1.4}{\376\377\0006\000.\0006\000.\0001\000.\0004\000\040\000i\000s\000\137\000f\000a\000i\000l\000\050\000\051\000\040\000[\0002\000/\0002\000]}{subsection.6.6.1}% 77
\BOOKMARK [2][-]{subsection.6.6.2}{\376\377\0006\000.\0006\000.\0002\000\040\000V\000a\000r\000i\000a\000b\000l\000e\000\040\000D\000o\000c\000u\000m\000e\000n\000t\000a\000t\000i\000o\000n}{section.6.6}% 78
\BOOKMARK [3][-]{subsubsection.6.6.2.1}{\376\377\0006\000.\0006\000.\0002\000.\0001\000\040\000i\000s\000\137\000m\000e\000t\000r\000i\000c\000\137\000v\000a\000l\000u\000e\000\137\000v}{subsection.6.6.2}% 79
\BOOKMARK [1][-]{section.6.7}{\376\377\0006\000.\0007\000\040\000c\000o\000m\000p\000p\000a\000r\000e\000:\000:\000i\000n\000t\000e\000r\000n\000a\000l\000:\000:\000p\000o\000l\000i\000c\000y\000:\000:\000a\000u\000t\000o\000p\000o\000l\000i\000c\000y\000\040\000N\000a\000m\000e\000s\000p\000a\000c\000e\000\040\000R\000e\000f\000e\000r\000e\000n\000c\000e}{chapter.6}% 80
\BOOKMARK [2][-]{subsection.6.7.1}{\376\377\0006\000.\0007\000.\0001\000\040\000T\000y\000p\000e\000d\000e\000f\000\040\000D\000o\000c\000u\000m\000e\000n\000t\000a\000t\000i\000o\000n}{section.6.7}% 81
\BOOKMARK [3][-]{subsubsection.6.7.1.1}{\376\377\0006\000.\0007\000.\0001\000.\0001\000\040\000A\000u\000t\000o\000P\000o\000l\000i\000c\000y\000\137\000t}{subsection.6.7.1}% 82
\BOOKMARK [1][-]{section.6.8}{\376\377\0006\000.\0008\000\040\000c\000o\000m\000p\000p\000a\000r\000e\000:\000:\000p\000l\000u\000g\000i\000n\000\040\000N\000a\000m\000e\000s\000p\000a\000c\000e\000\040\000R\000e\000f\000e\000r\000e\000n\000c\000e}{chapter.6}% 83
\BOOKMARK [0][-]{chapter.7}{\376\377\0007\000\040\000C\000o\000n\000c\000e\000p\000t\000\040\000D\000o\000c\000u\000m\000e\000n\000t\000a\000t\000i\000o\000n}{}% 84
\BOOKMARK [1][-]{section.7.1}{\376\377\0007\000.\0001\000\040\000c\000o\000m\000p\000p\000a\000r\000e\000:\000:\000i\000n\000t\000e\000r\000n\000a\000l\000:\000:\000c\000o\000n\000c\000e\000p\000t\000s\000:\000:\000A\000r\000i\000t\000h\000m\000e\000t\000i\000c\000\040\000C\000o\000n\000c\000e\000p\000t\000\040\000R\000e\000f\000e\000r\000e\000n\000c\000e}{chapter.7}% 85
\BOOKMARK [2][-]{subsection.7.1.1}{\376\377\0007\000.\0001\000.\0001\000\040\000C\000o\000n\000c\000e\000p\000t\000\040\000d\000e\000f\000i\000n\000i\000t\000i\000o\000n}{section.7.1}% 86
\BOOKMARK [1][-]{section.7.2}{\376\377\0007\000.\0002\000\040\000c\000o\000m\000p\000p\000a\000r\000e\000:\000:\000i\000n\000t\000e\000r\000n\000a\000l\000:\000:\000c\000o\000n\000c\000e\000p\000t\000s\000:\000:\000F\000l\000o\000a\000t\000i\000n\000g\000P\000o\000i\000n\000t\000\040\000C\000o\000n\000c\000e\000p\000t\000\040\000R\000e\000f\000e\000r\000e\000n\000c\000e}{chapter.7}% 87
\BOOKMARK [2][-]{subsection.7.2.1}{\376\377\0007\000.\0002\000.\0001\000\040\000C\000o\000n\000c\000e\000p\000t\000\040\000d\000e\000f\000i\000n\000i\000t\000i\000o\000n}{section.7.2}% 88
\BOOKMARK [1][-]{section.7.3}{\376\377\0007\000.\0003\000\040\000c\000o\000m\000p\000p\000a\000r\000e\000:\000:\000i\000n\000t\000e\000r\000n\000a\000l\000:\000:\000c\000o\000n\000c\000e\000p\000t\000s\000:\000:\000I\000n\000t\000e\000g\000r\000a\000l\000\040\000C\000o\000n\000c\000e\000p\000t\000\040\000R\000e\000f\000e\000r\000e\000n\000c\000e}{chapter.7}% 89
\BOOKMARK [2][-]{subsection.7.3.1}{\376\377\0007\000.\0003\000.\0001\000\040\000C\000o\000n\000c\000e\000p\000t\000\040\000d\000e\000f\000i\000n\000i\000t\000i\000o\000n}{section.7.3}% 90
\BOOKMARK [1][-]{section.7.4}{\376\377\0007\000.\0004\000\040\000c\000o\000m\000p\000p\000a\000r\000e\000:\000:\000i\000n\000t\000e\000r\000n\000a\000l\000:\000:\000c\000o\000n\000c\000e\000p\000t\000s\000:\000:\000R\000a\000n\000g\000e\000O\000f\000A\000r\000i\000t\000h\000m\000e\000t\000i\000c\000\040\000C\000o\000n\000c\000e\000p\000t\000\040\000R\000e\000f\000e\000r\000e\000n\000c\000e}{chapter.7}% 91
\BOOKMARK [2][-]{subsection.7.4.1}{\376\377\0007\000.\0004\000.\0001\000\040\000C\000o\000n\000c\000e\000p\000t\000\040\000d\000e\000f\000i\000n\000i\000t\000i\000o\000n}{section.7.4}% 92
\BOOKMARK [1][-]{section.7.5}{\376\377\0007\000.\0005\000\040\000c\000o\000m\000p\000p\000a\000r\000e\000:\000:\000i\000n\000t\000e\000r\000n\000a\000l\000:\000:\000c\000o\000n\000c\000e\000p\000t\000s\000:\000:\000S\000t\000r\000e\000a\000m\000a\000b\000l\000e\000\040\000C\000o\000n\000c\000e\000p\000t\000\040\000R\000e\000f\000e\000r\000e\000n\000c\000e}{chapter.7}% 93
\BOOKMARK [2][-]{subsection.7.5.1}{\376\377\0007\000.\0005\000.\0001\000\040\000C\000o\000n\000c\000e\000p\000t\000\040\000d\000e\000f\000i\000n\000i\000t\000i\000o\000n}{section.7.5}% 94
\BOOKMARK [1][-]{section.7.6}{\376\377\0007\000.\0006\000\040\000c\000o\000m\000p\000p\000a\000r\000e\000:\000:\000i\000n\000t\000e\000r\000n\000a\000l\000:\000:\000c\000o\000n\000c\000e\000p\000t\000s\000:\000:\000S\000t\000r\000i\000n\000g\000\040\000C\000o\000n\000c\000e\000p\000t\000\040\000R\000e\000f\000e\000r\000e\000n\000c\000e}{chapter.7}% 95
\BOOKMARK [2][-]{subsection.7.6.1}{\376\377\0007\000.\0006\000.\0001\000\040\000C\000o\000n\000c\000e\000p\000t\000\040\000d\000e\000f\000i\000n\000i\000t\000i\000o\000n}{section.7.6}% 96
\BOOKMARK [1][-]{section.7.7}{\376\377\0007\000.\0007\000\040\000c\000o\000m\000p\000p\000a\000r\000e\000:\000:\000i\000n\000t\000e\000r\000n\000a\000l\000:\000:\000c\000o\000n\000c\000e\000p\000t\000s\000:\000:\000V\000o\000i\000d\000\040\000C\000o\000n\000c\000e\000p\000t\000\040\000R\000e\000f\000e\000r\000e\000n\000c\000e}{chapter.7}% 97
\BOOKMARK [2][-]{subsection.7.7.1}{\376\377\0007\000.\0007\000.\0001\000\040\000C\000o\000n\000c\000e\000p\000t\000\040\000d\000e\000f\000i\000n\000i\000t\000i\000o\000n}{section.7.7}% 98
\BOOKMARK [1][-]{section.7.8}{\376\377\0007\000.\0008\000\040\000c\000o\000m\000p\000p\000a\000r\000e\000:\000:\000i\000n\000t\000e\000r\000n\000a\000l\000:\000:\000p\000o\000l\000i\000c\000y\000:\000:\000a\000u\000t\000o\000p\000o\000l\000i\000c\000y\000:\000:\000S\000u\000p\000p\000o\000r\000t\000e\000d\000B\000y\000A\000u\000t\000o\000P\000o\000l\000i\000c\000y\000\040\000C\000o\000n\000c\000e\000p\000t\000\040\000R\000e\000f\000e\000r\000e\000n\000c\000e}{chapter.7}% 99
\BOOKMARK [2][-]{subsection.7.8.1}{\376\377\0007\000.\0008\000.\0001\000\040\000C\000o\000n\000c\000e\000p\000t\000\040\000d\000e\000f\000i\000n\000i\000t\000i\000o\000n}{section.7.8}% 100
\BOOKMARK [1][-]{section.7.9}{\376\377\0007\000.\0009\000\040\000c\000o\000m\000p\000p\000a\000r\000e\000:\000:\000i\000n\000t\000e\000r\000n\000a\000l\000:\000:\000p\000o\000l\000i\000c\000y\000:\000:\000E\000r\000r\000o\000r\000P\000o\000l\000i\000c\000y\000\040\000C\000o\000n\000c\000e\000p\000t\000\040\000R\000e\000f\000e\000r\000e\000n\000c\000e}{chapter.7}% 101
\BOOKMARK [2][-]{subsection.7.9.1}{\376\377\0007\000.\0009\000.\0001\000\040\000C\000o\000n\000c\000e\000p\000t\000\040\000d\000e\000f\000i\000n\000i\000t\000i\000o\000n}{section.7.9}% 102
\BOOKMARK [1][-]{section.7.10}{\376\377\0007\000.\0001\0000\000\040\000c\000o\000m\000p\000p\000a\000r\000e\000:\000:\000i\000n\000t\000e\000r\000n\000a\000l\000:\000:\000p\000o\000l\000i\000c\000y\000:\000:\000M\000e\000t\000r\000i\000c\000V\000a\000l\000u\000e\000S\000p\000e\000c\000\040\000C\000o\000n\000c\000e\000p\000t\000\040\000R\000e\000f\000e\000r\000e\000n\000c\000e}{chapter.7}% 103
\BOOKMARK [2][-]{subsection.7.10.1}{\376\377\0007\000.\0001\0000\000.\0001\000\040\000C\000o\000n\000c\000e\000p\000t\000\040\000d\000e\000f\000i\000n\000i\000t\000i\000o\000n}{section.7.10}% 104
\BOOKMARK [1][-]{section.7.11}{\376\377\0007\000.\0001\0001\000\040\000c\000o\000m\000p\000p\000a\000r\000e\000:\000:\000O\000u\000t\000S\000p\000e\000c\000\040\000C\000o\000n\000c\000e\000p\000t\000\040\000R\000e\000f\000e\000r\000e\000n\000c\000e}{chapter.7}% 105
\BOOKMARK [2][-]{subsection.7.11.1}{\376\377\0007\000.\0001\0001\000.\0001\000\040\000C\000o\000n\000c\000e\000p\000t\000\040\000d\000e\000f\000i\000n\000i\000t\000i\000o\000n}{section.7.11}% 106
\BOOKMARK [1][-]{section.7.12}{\376\377\0007\000.\0001\0002\000\040\000c\000o\000m\000p\000p\000a\000r\000e\000:\000:\000p\000l\000u\000g\000i\000n\000:\000:\000V\000a\000l\000i\000d\000P\000l\000u\000g\000i\000n\000\040\000C\000o\000n\000c\000e\000p\000t\000\040\000R\000e\000f\000e\000r\000e\000n\000c\000e}{chapter.7}% 107
\BOOKMARK [2][-]{subsection.7.12.1}{\376\377\0007\000.\0001\0002\000.\0001\000\040\000C\000o\000n\000c\000e\000p\000t\000\040\000d\000e\000f\000i\000n\000i\000t\000i\000o\000n}{section.7.12}% 108
\BOOKMARK [0][-]{chapter.8}{\376\377\0008\000\040\000C\000l\000a\000s\000s\000\040\000D\000o\000c\000u\000m\000e\000n\000t\000a\000t\000i\000o\000n}{}% 109
\BOOKMARK [1][-]{section.8.1}{\376\377\0008\000.\0001\000\040\000c\000o\000m\000p\000p\000a\000r\000e\000:\000:\000i\000n\000t\000e\000r\000n\000a\000l\000:\000:\000a\000n\000s\000i\000:\000:\000A\000n\000s\000i\000W\000r\000a\000p\000p\000e\000r\000<\000\040\000T\000\040\000>\000\040\000C\000l\000a\000s\000s\000\040\000T\000e\000m\000p\000l\000a\000t\000e\000\040\000R\000e\000f\000e\000r\000e\000n\000c\000e}{chapter.8}% 110
\BOOKMARK [2][-]{subsection.8.1.1}{\376\377\0008\000.\0001\000.\0001\000\040\000C\000o\000n\000s\000t\000r\000u\000c\000t\000o\000r\000\040\000\046\000\040\000D\000e\000s\000t\000r\000u\000c\000t\000o\000r\000\040\000D\000o\000c\000u\000m\000e\000n\000t\000a\000t\000i\000o\000n}{section.8.1}% 111
\BOOKMARK [3][-]{subsubsection.8.1.1.1}{\376\377\0008\000.\0001\000.\0001\000.\0001\000\040\000A\000n\000s\000i\000W\000r\000a\000p\000p\000e\000r\000\050\000\051}{subsection.8.1.1}% 112
\BOOKMARK [2][-]{subsection.8.1.2}{\376\377\0008\000.\0001\000.\0002\000\040\000F\000r\000i\000e\000n\000d\000s\000\040\000A\000n\000d\000\040\000R\000e\000l\000a\000t\000e\000d\000\040\000S\000y\000m\000b\000o\000l\000\040\000D\000o\000c\000u\000m\000e\000n\000t\000a\000t\000i\000o\000n}{section.8.1}% 113
\BOOKMARK [3][-]{subsubsection.8.1.2.1}{\376\377\0008\000.\0001\000.\0002\000.\0001\000\040\000o\000p\000e\000r\000a\000t\000o\000r\000<\000<}{subsection.8.1.2}% 114
\BOOKMARK [2][-]{subsection.8.1.3}{\376\377\0008\000.\0001\000.\0003\000\040\000M\000e\000m\000b\000e\000r\000\040\000D\000a\000t\000a\000\040\000D\000o\000c\000u\000m\000e\000n\000t\000a\000t\000i\000o\000n}{section.8.1}% 115
\BOOKMARK [3][-]{subsubsection.8.1.3.1}{\376\377\0008\000.\0001\000.\0003\000.\0001\000\040\000o\000f\000f\000\137}{subsection.8.1.3}% 116
\BOOKMARK [3][-]{subsubsection.8.1.3.2}{\376\377\0008\000.\0001\000.\0003\000.\0002\000\040\000o\000n\000\137}{subsection.8.1.3}% 117
\BOOKMARK [3][-]{subsubsection.8.1.3.3}{\376\377\0008\000.\0001\000.\0003\000.\0003\000\040\000v\000a\000l\000\137}{subsection.8.1.3}% 118
\BOOKMARK [1][-]{section.8.2}{\376\377\0008\000.\0002\000\040\000c\000o\000m\000p\000p\000a\000r\000e\000:\000:\000i\000n\000t\000e\000r\000n\000a\000l\000:\000:\000p\000o\000l\000i\000c\000y\000:\000:\000a\000u\000t\000o\000p\000o\000l\000i\000c\000y\000:\000:\000A\000r\000i\000t\000h\000m\000e\000t\000i\000c\000E\000r\000r\000o\000r\000P\000o\000l\000i\000c\000y\000<\000\040\000T\000\040\000>\000\040\000C\000l\000a\000s\000s\000\040\000T\000e\000m\000p\000l\000a\000t\000e\000\040\000R\000e\000f\000e\000r\000e\000n\000c\000e}{chapter.8}% 119
\BOOKMARK [2][-]{subsection.8.2.1}{\376\377\0008\000.\0002\000.\0001\000\040\000M\000e\000m\000b\000e\000r\000\040\000F\000u\000n\000c\000t\000i\000o\000n\000\040\000D\000o\000c\000u\000m\000e\000n\000t\000a\000t\000i\000o\000n}{section.8.2}% 120
\BOOKMARK [3][-]{subsubsection.8.2.1.1}{\376\377\0008\000.\0002\000.\0001\000.\0001\000\040\000c\000o\000m\000p\000u\000t\000e\000\137\000e\000r\000r\000o\000r\000\050\000\051}{subsection.8.2.1}% 121
\BOOKMARK [3][-]{subsubsection.8.2.1.2}{\376\377\0008\000.\0002\000.\0001\000.\0002\000\040\000i\000s\000\137\000f\000a\000i\000l\000\050\000\051}{subsection.8.2.1}% 122
\BOOKMARK [3][-]{subsubsection.8.2.1.3}{\376\377\0008\000.\0002\000.\0001\000.\0003\000\040\000m\000e\000t\000r\000i\000c\000\050\000\051}{subsection.8.2.1}% 123
\BOOKMARK [3][-]{subsubsection.8.2.1.4}{\376\377\0008\000.\0002\000.\0001\000.\0004\000\040\000m\000e\000t\000r\000i\000c\000\137\000c\000o\000u\000n\000t\000\050\000\051}{subsection.8.2.1}% 124
\BOOKMARK [3][-]{subsubsection.8.2.1.5}{\376\377\0008\000.\0002\000.\0001\000.\0005\000\040\000m\000e\000t\000r\000i\000c\000\137\000n\000a\000m\000e\000\050\000\051}{subsection.8.2.1}% 125
\BOOKMARK [2][-]{subsection.8.2.2}{\376\377\0008\000.\0002\000.\0002\000\040\000M\000e\000m\000b\000e\000r\000\040\000D\000a\000t\000a\000\040\000D\000o\000c\000u\000m\000e\000n\000t\000a\000t\000i\000o\000n}{section.8.2}% 126
\BOOKMARK [3][-]{subsubsection.8.2.2.1}{\376\377\0008\000.\0002\000.\0002\000.\0001\000\040\000e\000r\000r\000\137\000m\000s\000g\000\137}{subsection.8.2.2}% 127
\BOOKMARK [3][-]{subsubsection.8.2.2.2}{\376\377\0008\000.\0002\000.\0002\000.\0002\000\040\000e\000r\000r\000o\000r\000\137}{subsection.8.2.2}% 128
\BOOKMARK [3][-]{subsubsection.8.2.2.3}{\376\377\0008\000.\0002\000.\0002\000.\0003\000\040\000n\000a\000m\000e\000s}{subsection.8.2.2}% 129
\BOOKMARK [3][-]{subsubsection.8.2.2.4}{\376\377\0008\000.\0002\000.\0002\000.\0004\000\040\000v\000a\000l\000i\000d\000\137}{subsection.8.2.2}% 130
\BOOKMARK [1][-]{section.8.3}{\376\377\0008\000.\0003\000\040\000c\000o\000m\000p\000p\000a\000r\000e\000:\000:\000i\000n\000t\000e\000r\000n\000a\000l\000:\000:\000p\000o\000l\000i\000c\000y\000:\000:\000a\000u\000t\000o\000p\000o\000l\000i\000c\000y\000:\000:\000A\000u\000t\000o\000P\000o\000l\000i\000c\000y\000<\000\040\000T\000\040\000>\000\040\000S\000t\000r\000u\000c\000t\000\040\000T\000e\000m\000p\000l\000a\000t\000e\000\040\000R\000e\000f\000e\000r\000e\000n\000c\000e}{chapter.8}% 131
\BOOKMARK [1][-]{section.8.4}{\376\377\0008\000.\0004\000\040\000c\000o\000m\000p\000p\000a\000r\000e\000:\000:\000i\000n\000t\000e\000r\000n\000a\000l\000:\000:\000p\000o\000l\000i\000c\000y\000:\000:\000a\000u\000t\000o\000p\000o\000l\000i\000c\000y\000:\000:\000A\000u\000t\000o\000P\000o\000l\000i\000c\000y\000<\000\040\000T\000\040\000>\000\040\000S\000t\000r\000u\000c\000t\000\040\000T\000e\000m\000p\000l\000a\000t\000e\000\040\000R\000e\000f\000e\000r\000e\000n\000c\000e}{chapter.8}% 132
\BOOKMARK [2][-]{subsection.8.4.1}{\376\377\0008\000.\0004\000.\0001\000\040\000M\000e\000m\000b\000e\000r\000\040\000T\000y\000p\000e\000d\000e\000f\000\040\000D\000o\000c\000u\000m\000e\000n\000t\000a\000t\000i\000o\000n}{section.8.4}% 133
\BOOKMARK [3][-]{subsubsection.8.4.1.1}{\376\377\0008\000.\0004\000.\0001\000.\0001\000\040\000t\000y\000p\000e\000\040\000[\0001\000/\0003\000]}{subsection.8.4.1}% 134
\BOOKMARK [3][-]{subsubsection.8.4.1.2}{\376\377\0008\000.\0004\000.\0001\000.\0002\000\040\000t\000y\000p\000e\000\040\000[\0002\000/\0003\000]}{subsection.8.4.1}% 135
\BOOKMARK [3][-]{subsubsection.8.4.1.3}{\376\377\0008\000.\0004\000.\0001\000.\0003\000\040\000t\000y\000p\000e\000\040\000[\0003\000/\0003\000]}{subsection.8.4.1}% 136
\BOOKMARK [1][-]{section.8.5}{\376\377\0008\000.\0005\000\040\000c\000o\000m\000p\000p\000a\000r\000e\000:\000:\000c\000o\000n\000f\000i\000g\000\040\000C\000l\000a\000s\000s\000\040\000R\000e\000f\000e\000r\000e\000n\000c\000e}{chapter.8}% 137
\BOOKMARK [2][-]{subsection.8.5.1}{\376\377\0008\000.\0005\000.\0001\000\040\000M\000e\000m\000b\000e\000r\000\040\000T\000y\000p\000e\000d\000e\000f\000\040\000D\000o\000c\000u\000m\000e\000n\000t\000a\000t\000i\000o\000n}{section.8.5}% 138
\BOOKMARK [3][-]{subsubsection.8.5.1.1}{\376\377\0008\000.\0005\000.\0001\000.\0001\000\040\000c\000l\000o\000c\000k\000\137\000t}{subsection.8.5.1}% 139
\BOOKMARK [3][-]{subsubsection.8.5.1.2}{\376\377\0008\000.\0005\000.\0001\000.\0002\000\040\000t\000i\000m\000e\000\137\000p\000o\000i\000n\000t\000\137\000t}{subsection.8.5.1}% 140
\BOOKMARK [2][-]{subsection.8.5.2}{\376\377\0008\000.\0005\000.\0002\000\040\000C\000o\000n\000s\000t\000r\000u\000c\000t\000o\000r\000\040\000\046\000\040\000D\000e\000s\000t\000r\000u\000c\000t\000o\000r\000\040\000D\000o\000c\000u\000m\000e\000n\000t\000a\000t\000i\000o\000n}{section.8.5}% 141
\BOOKMARK [3][-]{subsubsection.8.5.2.1}{\376\377\0008\000.\0005\000.\0002\000.\0001\000\040\000c\000o\000n\000f\000i\000g\000\050\000\051\000\040\000[\0001\000/\0003\000]}{subsection.8.5.2}% 142
\BOOKMARK [3][-]{subsubsection.8.5.2.2}{\376\377\0008\000.\0005\000.\0002\000.\0002\000\040\000c\000o\000n\000f\000i\000g\000\050\000\051\000\040\000[\0002\000/\0003\000]}{subsection.8.5.2}% 143
\BOOKMARK [3][-]{subsubsection.8.5.2.3}{\376\377\0008\000.\0005\000.\0002\000.\0003\000\040\000c\000o\000n\000f\000i\000g\000\050\000\051\000\040\000[\0003\000/\0003\000]}{subsection.8.5.2}% 144
\BOOKMARK [2][-]{subsection.8.5.3}{\376\377\0008\000.\0005\000.\0003\000\040\000M\000e\000m\000b\000e\000r\000\040\000F\000u\000n\000c\000t\000i\000o\000n\000\040\000D\000o\000c\000u\000m\000e\000n\000t\000a\000t\000i\000o\000n}{section.8.5}% 145
\BOOKMARK [3][-]{subsubsection.8.5.3.1}{\376\377\0008\000.\0005\000.\0003\000.\0001\000\040\000b\000e\000n\000c\000h\000\137\000i\000t\000e\000r\000s\000\050\000\051}{subsection.8.5.3}% 146
\BOOKMARK [3][-]{subsubsection.8.5.3.2}{\376\377\0008\000.\0005\000.\0003\000.\0002\000\040\000f\000p\000\137\000t\000o\000l\000e\000r\000a\000n\000c\000e\000\050\000\051}{subsection.8.5.3}% 147
\BOOKMARK [3][-]{subsubsection.8.5.3.3}{\376\377\0008\000.\0005\000.\0003\000.\0003\000\040\000g\000e\000t\000\137\000r\000o\000i\000\137\000u\000s\000\050\000\051}{subsection.8.5.3}% 148
\BOOKMARK [3][-]{subsubsection.8.5.3.4}{\376\377\0008\000.\0005\000.\0003\000.\0004\000\040\000g\000e\000t\000\137\000w\000a\000r\000m\000u\000p\000\137\000u\000s\000\050\000\051}{subsection.8.5.3}% 149
\BOOKMARK [3][-]{subsubsection.8.5.3.5}{\376\377\0008\000.\0005\000.\0003\000.\0005\000\040\000i\000n\000c\000r\000e\000m\000e\000n\000t\000\137\000r\000o\000i\000\137\000u\000s\000\050\000\051\000\040\000[\0001\000/\0003\000]}{subsection.8.5.3}% 150
\BOOKMARK [3][-]{subsubsection.8.5.3.6}{\376\377\0008\000.\0005\000.\0003\000.\0006\000\040\000i\000n\000c\000r\000e\000m\000e\000n\000t\000\137\000r\000o\000i\000\137\000u\000s\000\050\000\051\000\040\000[\0002\000/\0003\000]}{subsection.8.5.3}% 151
\BOOKMARK [3][-]{subsubsection.8.5.3.7}{\376\377\0008\000.\0005\000.\0003\000.\0007\000\040\000i\000n\000c\000r\000e\000m\000e\000n\000t\000\137\000r\000o\000i\000\137\000u\000s\000\050\000\051\000\040\000[\0003\000/\0003\000]}{subsection.8.5.3}% 152
\BOOKMARK [3][-]{subsubsection.8.5.3.8}{\376\377\0008\000.\0005\000.\0003\000.\0008\000\040\000i\000n\000s\000t\000a\000n\000c\000e\000\050\000\051}{subsection.8.5.3}% 153
\BOOKMARK [3][-]{subsubsection.8.5.3.9}{\376\377\0008\000.\0005\000.\0003\000.\0009\000\040\000o\000p\000e\000r\000a\000t\000o\000r\000=\000\050\000\051\000\040\000[\0001\000/\0002\000]}{subsection.8.5.3}% 154
\BOOKMARK [3][-]{subsubsection.8.5.3.10}{\376\377\0008\000.\0005\000.\0003\000.\0001\0000\000\040\000o\000p\000e\000r\000a\000t\000o\000r\000=\000\050\000\051\000\040\000[\0002\000/\0002\000]}{subsection.8.5.3}% 155
\BOOKMARK [3][-]{subsubsection.8.5.3.11}{\376\377\0008\000.\0005\000.\0003\000.\0001\0001\000\040\000r\000e\000s\000e\000t\000\137\000r\000o\000i\000\137\000u\000s\000\050\000\051}{subsection.8.5.3}% 156
\BOOKMARK [3][-]{subsubsection.8.5.3.12}{\376\377\0008\000.\0005\000.\0003\000.\0001\0002\000\040\000s\000e\000t\000\137\000a\000l\000l\000\137\000f\000p\000\137\000t\000o\000l\000e\000r\000a\000n\000c\000e\000\050\000\051}{subsection.8.5.3}% 157
\BOOKMARK [3][-]{subsubsection.8.5.3.13}{\376\377\0008\000.\0005\000.\0003\000.\0001\0003\000\040\000s\000e\000t\000\137\000b\000e\000n\000c\000h\000\137\000i\000t\000e\000r\000s\000\050\000\051}{subsection.8.5.3}% 158
\BOOKMARK [3][-]{subsubsection.8.5.3.14}{\376\377\0008\000.\0005\000.\0003\000.\0001\0004\000\040\000s\000e\000t\000\137\000f\000p\000\137\000t\000o\000l\000e\000r\000a\000n\000c\000e\000\050\000\051}{subsection.8.5.3}% 159
\BOOKMARK [3][-]{subsubsection.8.5.3.15}{\376\377\0008\000.\0005\000.\0003\000.\0001\0005\000\040\000s\000e\000t\000\137\000r\000o\000i\000\137\000u\000s\000\050\000\051\000\040\000[\0001\000/\0006\000]}{subsection.8.5.3}% 160
\BOOKMARK [3][-]{subsubsection.8.5.3.16}{\376\377\0008\000.\0005\000.\0003\000.\0001\0006\000\040\000s\000e\000t\000\137\000r\000o\000i\000\137\000u\000s\000\050\000\051\000\040\000[\0002\000/\0006\000]}{subsection.8.5.3}% 161
\BOOKMARK [3][-]{subsubsection.8.5.3.17}{\376\377\0008\000.\0005\000.\0003\000.\0001\0007\000\040\000s\000e\000t\000\137\000r\000o\000i\000\137\000u\000s\000\050\000\051\000\040\000[\0003\000/\0006\000]}{subsection.8.5.3}% 162
\BOOKMARK [3][-]{subsubsection.8.5.3.18}{\376\377\0008\000.\0005\000.\0003\000.\0001\0008\000\040\000s\000e\000t\000\137\000r\000o\000i\000\137\000u\000s\000\050\000\051\000\040\000[\0004\000/\0006\000]}{subsection.8.5.3}% 163
\BOOKMARK [3][-]{subsubsection.8.5.3.19}{\376\377\0008\000.\0005\000.\0003\000.\0001\0009\000\040\000s\000e\000t\000\137\000r\000o\000i\000\137\000u\000s\000\050\000\051\000\040\000[\0005\000/\0006\000]}{subsection.8.5.3}% 164
\BOOKMARK [3][-]{subsubsection.8.5.3.20}{\376\377\0008\000.\0005\000.\0003\000.\0002\0000\000\040\000s\000e\000t\000\137\000r\000o\000i\000\137\000u\000s\000\050\000\051\000\040\000[\0006\000/\0006\000]}{subsection.8.5.3}% 165
\BOOKMARK [3][-]{subsubsection.8.5.3.21}{\376\377\0008\000.\0005\000.\0003\000.\0002\0001\000\040\000s\000e\000t\000\137\000w\000a\000r\000m\000u\000p\000\137\000i\000t\000e\000r\000s\000\050\000\051}{subsection.8.5.3}% 166
\BOOKMARK [3][-]{subsubsection.8.5.3.22}{\376\377\0008\000.\0005\000.\0003\000.\0002\0002\000\040\000s\000e\000t\000\137\000w\000a\000r\000m\000u\000p\000\137\000u\000s\000\050\000\051\000\040\000[\0001\000/\0006\000]}{subsection.8.5.3}% 167
\BOOKMARK [3][-]{subsubsection.8.5.3.23}{\376\377\0008\000.\0005\000.\0003\000.\0002\0003\000\040\000s\000e\000t\000\137\000w\000a\000r\000m\000u\000p\000\137\000u\000s\000\050\000\051\000\040\000[\0002\000/\0006\000]}{subsection.8.5.3}% 168
\BOOKMARK [3][-]{subsubsection.8.5.3.24}{\376\377\0008\000.\0005\000.\0003\000.\0002\0004\000\040\000s\000e\000t\000\137\000w\000a\000r\000m\000u\000p\000\137\000u\000s\000\050\000\051\000\040\000[\0003\000/\0006\000]}{subsection.8.5.3}% 169
\BOOKMARK [3][-]{subsubsection.8.5.3.25}{\376\377\0008\000.\0005\000.\0003\000.\0002\0005\000\040\000s\000e\000t\000\137\000w\000a\000r\000m\000u\000p\000\137\000u\000s\000\050\000\051\000\040\000[\0004\000/\0006\000]}{subsection.8.5.3}% 170
\BOOKMARK [3][-]{subsubsection.8.5.3.26}{\376\377\0008\000.\0005\000.\0003\000.\0002\0006\000\040\000s\000e\000t\000\137\000w\000a\000r\000m\000u\000p\000\137\000u\000s\000\050\000\051\000\040\000[\0005\000/\0006\000]}{subsection.8.5.3}% 171
\BOOKMARK [3][-]{subsubsection.8.5.3.27}{\376\377\0008\000.\0005\000.\0003\000.\0002\0007\000\040\000s\000e\000t\000\137\000w\000a\000r\000m\000u\000p\000\137\000u\000s\000\050\000\051\000\040\000[\0006\000/\0006\000]}{subsection.8.5.3}% 172
\BOOKMARK [3][-]{subsubsection.8.5.3.28}{\376\377\0008\000.\0005\000.\0003\000.\0002\0008\000\040\000w\000a\000r\000m\000u\000p\000\137\000i\000t\000e\000r\000s\000\050\000\051}{subsection.8.5.3}% 173
\BOOKMARK [2][-]{subsection.8.5.4}{\376\377\0008\000.\0005\000.\0004\000\040\000M\000e\000m\000b\000e\000r\000\040\000D\000a\000t\000a\000\040\000D\000o\000c\000u\000m\000e\000n\000t\000a\000t\000i\000o\000n}{section.8.5}% 174
\BOOKMARK [3][-]{subsubsection.8.5.4.1}{\376\377\0008\000.\0005\000.\0004\000.\0001\000\040\000b\000e\000n\000c\000h\000\137\000i\000t\000e\000r\000s\000\137}{subsection.8.5.4}% 175
\BOOKMARK [3][-]{subsubsection.8.5.4.2}{\376\377\0008\000.\0005\000.\0004\000.\0002\000\040\000r\000o\000i\000\137}{subsection.8.5.4}% 176
\BOOKMARK [3][-]{subsubsection.8.5.4.3}{\376\377\0008\000.\0005\000.\0004\000.\0003\000\040\000w\000a\000r\000m\000u\000p\000\137}{subsection.8.5.4}% 177
\BOOKMARK [3][-]{subsubsection.8.5.4.4}{\376\377\0008\000.\0005\000.\0004\000.\0004\000\040\000w\000a\000r\000m\000u\000p\000\137\000i\000t\000e\000r\000s\000\137}{subsection.8.5.4}% 178
\BOOKMARK [1][-]{section.8.6}{\376\377\0008\000.\0006\000\040\000c\000o\000m\000p\000p\000a\000r\000e\000:\000:\000c\000u\000r\000r\000e\000n\000t\000\137\000s\000t\000a\000t\000e\000\040\000C\000l\000a\000s\000s\000\040\000R\000e\000f\000e\000r\000e\000n\000c\000e}{chapter.8}% 179
\BOOKMARK [2][-]{subsection.8.6.1}{\376\377\0008\000.\0006\000.\0001\000\040\000C\000o\000n\000s\000t\000r\000u\000c\000t\000o\000r\000\040\000\046\000\040\000D\000e\000s\000t\000r\000u\000c\000t\000o\000r\000\040\000D\000o\000c\000u\000m\000e\000n\000t\000a\000t\000i\000o\000n}{section.8.6}% 180
\BOOKMARK [3][-]{subsubsection.8.6.1.1}{\376\377\0008\000.\0006\000.\0001\000.\0001\000\040\000c\000u\000r\000r\000e\000n\000t\000\137\000s\000t\000a\000t\000e\000\050\000\051\000\040\000[\0001\000/\0003\000]}{subsection.8.6.1}% 181
\BOOKMARK [3][-]{subsubsection.8.6.1.2}{\376\377\0008\000.\0006\000.\0001\000.\0002\000\040\000c\000u\000r\000r\000e\000n\000t\000\137\000s\000t\000a\000t\000e\000\050\000\051\000\040\000[\0002\000/\0003\000]}{subsection.8.6.1}% 182
\BOOKMARK [3][-]{subsubsection.8.6.1.3}{\376\377\0008\000.\0006\000.\0001\000.\0003\000\040\000c\000u\000r\000r\000e\000n\000t\000\137\000s\000t\000a\000t\000e\000\050\000\051\000\040\000[\0003\000/\0003\000]}{subsection.8.6.1}% 183
\BOOKMARK [2][-]{subsection.8.6.2}{\376\377\0008\000.\0006\000.\0002\000\040\000M\000e\000m\000b\000e\000r\000\040\000F\000u\000n\000c\000t\000i\000o\000n\000\040\000D\000o\000c\000u\000m\000e\000n\000t\000a\000t\000i\000o\000n}{section.8.6}% 184
\BOOKMARK [3][-]{subsubsection.8.6.2.1}{\376\377\0008\000.\0006\000.\0002\000.\0001\000\040\000i\000m\000p\000l\000\137\000n\000a\000m\000e\000\050\000\051}{subsection.8.6.2}% 185
\BOOKMARK [3][-]{subsubsection.8.6.2.2}{\376\377\0008\000.\0006\000.\0002\000.\0002\000\040\000i\000n\000s\000t\000a\000n\000c\000e\000\050\000\051}{subsection.8.6.2}% 186
\BOOKMARK [3][-]{subsubsection.8.6.2.3}{\376\377\0008\000.\0006\000.\0002\000.\0003\000\040\000o\000p\000e\000r\000a\000t\000o\000r\000=\000\050\000\051\000\040\000[\0001\000/\0002\000]}{subsection.8.6.2}% 187
\BOOKMARK [3][-]{subsubsection.8.6.2.4}{\376\377\0008\000.\0006\000.\0002\000.\0004\000\040\000o\000p\000e\000r\000a\000t\000o\000r\000=\000\050\000\051\000\040\000[\0002\000/\0002\000]}{subsection.8.6.2}% 188
\BOOKMARK [3][-]{subsubsection.8.6.2.5}{\376\377\0008\000.\0006\000.\0002\000.\0005\000\040\000s\000e\000t\000\137\000i\000m\000p\000l\000\137\000n\000a\000m\000e\000\050\000\051}{subsection.8.6.2}% 189
\BOOKMARK [3][-]{subsubsection.8.6.2.6}{\376\377\0008\000.\0006\000.\0002\000.\0006\000\040\000s\000e\000t\000\137\000u\000s\000i\000n\000g\000\137\000p\000l\000u\000g\000i\000n\000\050\000\051}{subsection.8.6.2}% 190
\BOOKMARK [3][-]{subsubsection.8.6.2.7}{\376\377\0008\000.\0006\000.\0002\000.\0007\000\040\000u\000s\000i\000n\000g\000\137\000p\000l\000u\000g\000i\000n\000\050\000\051}{subsection.8.6.2}% 191
\BOOKMARK [2][-]{subsection.8.6.3}{\376\377\0008\000.\0006\000.\0003\000\040\000M\000e\000m\000b\000e\000r\000\040\000D\000a\000t\000a\000\040\000D\000o\000c\000u\000m\000e\000n\000t\000a\000t\000i\000o\000n}{section.8.6}% 192
\BOOKMARK [3][-]{subsubsection.8.6.3.1}{\376\377\0008\000.\0006\000.\0003\000.\0001\000\040\000i\000m\000p\000l\000\137\000n\000a\000m\000e\000\137}{subsection.8.6.3}% 193
\BOOKMARK [3][-]{subsubsection.8.6.3.2}{\376\377\0008\000.\0006\000.\0003\000.\0002\000\040\000u\000s\000i\000n\000g\000\137\000p\000l\000u\000g\000i\000n\000\137}{subsection.8.6.3}% 194
\BOOKMARK [1][-]{section.8.7}{\376\377\0008\000.\0007\000\040\000c\000o\000m\000p\000p\000a\000r\000e\000:\000:\000I\000n\000p\000u\000t\000C\000o\000n\000t\000e\000x\000t\000<\000\040\000I\000n\000p\000u\000t\000s\000\040\000>\000:\000:\000O\000u\000t\000p\000u\000t\000C\000o\000n\000t\000e\000x\000t\000<\000\040\000S\000p\000e\000c\000s\000\040\000>\000:\000:\000I\000m\000p\000l\000\040\000S\000t\000r\000u\000c\000t\000\040\000R\000e\000f\000e\000r\000e\000n\000c\000e}{chapter.8}% 195
\BOOKMARK [2][-]{subsection.8.7.1}{\376\377\0008\000.\0007\000.\0001\000\040\000D\000e\000t\000a\000i\000l\000e\000d\000\040\000D\000e\000s\000c\000r\000i\000p\000t\000i\000o\000n}{section.8.7}% 196
\BOOKMARK [2][-]{subsection.8.7.2}{\376\377\0008\000.\0007\000.\0002\000\040\000M\000e\000m\000b\000e\000r\000\040\000F\000u\000n\000c\000t\000i\000o\000n\000\040\000D\000o\000c\000u\000m\000e\000n\000t\000a\000t\000i\000o\000n}{section.8.7}% 197
\BOOKMARK [3][-]{subsubsection.8.7.2.1}{\376\377\0008\000.\0007\000.\0002\000.\0001\000\040\000a\000t\000t\000a\000c\000h\000\050\000\051}{subsection.8.7.2}% 198
\BOOKMARK [2][-]{subsection.8.7.3}{\376\377\0008\000.\0007\000.\0003\000\040\000M\000e\000m\000b\000e\000r\000\040\000D\000a\000t\000a\000\040\000D\000o\000c\000u\000m\000e\000n\000t\000a\000t\000i\000o\000n}{section.8.7}% 199
\BOOKMARK [3][-]{subsubsection.8.7.3.1}{\376\377\0008\000.\0007\000.\0003\000.\0001\000\040\000f\000n}{subsection.8.7.3}% 200
\BOOKMARK [3][-]{subsubsection.8.7.3.2}{\376\377\0008\000.\0007\000.\0003\000.\0002\000\040\000i\000n\000p\000u\000t\000s\000\137\000p\000t\000r}{subsection.8.7.3}% 201
\BOOKMARK [3][-]{subsubsection.8.7.3.3}{\376\377\0008\000.\0007\000.\0003\000.\0003\000\040\000n\000a\000m\000e}{subsection.8.7.3}% 202
\BOOKMARK [3][-]{subsubsection.8.7.3.4}{\376\377\0008\000.\0007\000.\0003\000.\0004\000\040\000p\000a\000r\000e\000n\000t\000\137\000c\000t\000x}{subsection.8.7.3}% 203
\BOOKMARK [3][-]{subsubsection.8.7.3.5}{\376\377\0008\000.\0007\000.\0003\000.\0005\000\040\000p\000l\000u\000g\000i\000n\000\137\000o\000u\000t\000p\000u\000t}{subsection.8.7.3}% 204
\BOOKMARK [1][-]{section.8.8}{\376\377\0008\000.\0008\000\040\000c\000o\000m\000p\000p\000a\000r\000e\000:\000:\000I\000n\000p\000u\000t\000C\000o\000n\000t\000e\000x\000t\000<\000\040\000I\000n\000p\000u\000t\000s\000\040\000>\000\040\000C\000l\000a\000s\000s\000\040\000T\000e\000m\000p\000l\000a\000t\000e\000\040\000R\000e\000f\000e\000r\000e\000n\000c\000e}{chapter.8}% 205
\BOOKMARK [2][-]{subsection.8.8.1}{\376\377\0008\000.\0008\000.\0001\000\040\000D\000e\000t\000a\000i\000l\000e\000d\000\040\000D\000e\000s\000c\000r\000i\000p\000t\000i\000o\000n}{section.8.8}% 206
\BOOKMARK [1][-]{section.8.9}{\376\377\0008\000.\0009\000\040\000c\000o\000m\000p\000p\000a\000r\000e\000:\000:\000i\000n\000t\000e\000r\000n\000a\000l\000:\000:\000p\000o\000l\000i\000c\000y\000:\000:\000i\000s\000\137\000m\000e\000t\000r\000i\000c\000\137\000v\000a\000l\000u\000e\000<\000\040\000t\000y\000p\000e\000n\000a\000m\000e\000\040\000>\000\040\000S\000t\000r\000u\000c\000t\000\040\000T\000e\000m\000p\000l\000a\000t\000e\000\040\000R\000e\000f\000e\000r\000e\000n\000c\000e}{chapter.8}% 207
\BOOKMARK [1][-]{section.8.10}{\376\377\0008\000.\0001\0000\000\040\000c\000o\000m\000p\000p\000a\000r\000e\000:\000:\000i\000n\000t\000e\000r\000n\000a\000l\000:\000:\000p\000o\000l\000i\000c\000y\000:\000:\000i\000s\000\137\000m\000e\000t\000r\000i\000c\000\137\000v\000a\000l\000u\000e\000<\000\040\000M\000e\000t\000r\000i\000c\000V\000a\000l\000u\000e\000<\000\040\000U\000\040\000>\000\040\000>\000\040\000S\000t\000r\000u\000c\000t\000\040\000T\000e\000m\000p\000l\000a\000t\000e\000\040\000R\000e\000f\000e\000r\000e\000n\000c\000e}{chapter.8}% 208
\BOOKMARK [1][-]{section.8.11}{\376\377\0008\000.\0001\0001\000\040\000c\000o\000m\000p\000p\000a\000r\000e\000:\000:\000i\000n\000t\000e\000r\000n\000a\000l\000:\000:\000p\000o\000l\000i\000c\000y\000:\000:\000M\000e\000t\000r\000i\000c\000V\000a\000l\000u\000e\000<\000\040\000T\000\040\000>\000\040\000C\000l\000a\000s\000s\000\040\000T\000e\000m\000p\000l\000a\000t\000e\000\040\000R\000e\000f\000e\000r\000e\000n\000c\000e}{chapter.8}% 209
\BOOKMARK [2][-]{subsection.8.11.1}{\376\377\0008\000.\0001\0001\000.\0001\000\040\000C\000o\000n\000s\000t\000r\000u\000c\000t\000o\000r\000\040\000\046\000\040\000D\000e\000s\000t\000r\000u\000c\000t\000o\000r\000\040\000D\000o\000c\000u\000m\000e\000n\000t\000a\000t\000i\000o\000n}{section.8.11}% 210
\BOOKMARK [3][-]{subsubsection.8.11.1.1}{\376\377\0008\000.\0001\0001\000.\0001\000.\0001\000\040\000M\000e\000t\000r\000i\000c\000V\000a\000l\000u\000e\000\050\000\051\000\040\000[\0001\000/\0003\000]}{subsection.8.11.1}% 211
\BOOKMARK [3][-]{subsubsection.8.11.1.2}{\376\377\0008\000.\0001\0001\000.\0001\000.\0002\000\040\000M\000e\000t\000r\000i\000c\000V\000a\000l\000u\000e\000\050\000\051\000\040\000[\0002\000/\0003\000]}{subsection.8.11.1}% 212
\BOOKMARK [3][-]{subsubsection.8.11.1.3}{\376\377\0008\000.\0001\0001\000.\0001\000.\0003\000\040\000M\000e\000t\000r\000i\000c\000V\000a\000l\000u\000e\000\050\000\051\000\040\000[\0003\000/\0003\000]}{subsection.8.11.1}% 213
\BOOKMARK [2][-]{subsection.8.11.2}{\376\377\0008\000.\0001\0001\000.\0002\000\040\000F\000r\000i\000e\000n\000d\000s\000\040\000A\000n\000d\000\040\000R\000e\000l\000a\000t\000e\000d\000\040\000S\000y\000m\000b\000o\000l\000\040\000D\000o\000c\000u\000m\000e\000n\000t\000a\000t\000i\000o\000n}{section.8.11}% 214
\BOOKMARK [3][-]{subsubsection.8.11.2.1}{\376\377\0008\000.\0001\0001\000.\0002\000.\0001\000\040\000o\000p\000e\000r\000a\000t\000o\000r\000<\000<}{subsection.8.11.2}% 215
\BOOKMARK [2][-]{subsection.8.11.3}{\376\377\0008\000.\0001\0001\000.\0003\000\040\000M\000e\000m\000b\000e\000r\000\040\000D\000a\000t\000a\000\040\000D\000o\000c\000u\000m\000e\000n\000t\000a\000t\000i\000o\000n}{section.8.11}% 216
\BOOKMARK [3][-]{subsubsection.8.11.3.1}{\376\377\0008\000.\0001\0001\000.\0003\000.\0001\000\040\000e\000r\000r\000\137\000m\000s\000g\000\137}{subsection.8.11.3}% 217
\BOOKMARK [3][-]{subsubsection.8.11.3.2}{\376\377\0008\000.\0001\0001\000.\0003\000.\0002\000\040\000i\000s\000\137\000f\000a\000i\000l\000\137}{subsection.8.11.3}% 218
\BOOKMARK [3][-]{subsubsection.8.11.3.3}{\376\377\0008\000.\0001\0001\000.\0003\000.\0003\000\040\000v\000a\000l\000i\000d\000\137}{subsection.8.11.3}% 219
\BOOKMARK [3][-]{subsubsection.8.11.3.4}{\376\377\0008\000.\0001\0001\000.\0003\000.\0004\000\040\000v\000a\000l\000u\000e\000\137}{subsection.8.11.3}% 220
\BOOKMARK [1][-]{section.8.12}{\376\377\0008\000.\0001\0002\000\040\000c\000o\000m\000p\000p\000a\000r\000e\000:\000:\000I\000n\000p\000u\000t\000C\000o\000n\000t\000e\000x\000t\000<\000\040\000I\000n\000p\000u\000t\000s\000\040\000>\000:\000:\000O\000u\000t\000p\000u\000t\000C\000o\000n\000t\000e\000x\000t\000<\000\040\000S\000p\000e\000c\000s\000\040\000>\000\040\000C\000l\000a\000s\000s\000\040\000T\000e\000m\000p\000l\000a\000t\000e\000\040\000R\000e\000f\000e\000r\000e\000n\000c\000e}{chapter.8}% 221
\BOOKMARK [2][-]{subsection.8.12.1}{\376\377\0008\000.\0001\0002\000.\0001\000\040\000D\000e\000t\000a\000i\000l\000e\000d\000\040\000D\000e\000s\000c\000r\000i\000p\000t\000i\000o\000n}{section.8.12}% 222
\BOOKMARK [2][-]{subsection.8.12.2}{\376\377\0008\000.\0001\0002\000.\0002\000\040\000M\000e\000m\000b\000e\000r\000\040\000T\000y\000p\000e\000d\000e\000f\000\040\000D\000o\000c\000u\000m\000e\000n\000t\000a\000t\000i\000o\000n}{section.8.12}% 223
\BOOKMARK [3][-]{subsubsection.8.12.2.1}{\376\377\0008\000.\0001\0002\000.\0002\000.\0001\000\040\000F\000u\000n\000c}{subsection.8.12.2}% 224
\BOOKMARK [3][-]{subsubsection.8.12.2.2}{\376\377\0008\000.\0001\0002\000.\0002\000.\0002\000\040\000I\000n\000T\000u\000p}{subsection.8.12.2}% 225
\BOOKMARK [3][-]{subsubsection.8.12.2.3}{\376\377\0008\000.\0001\0002\000.\0002\000.\0003\000\040\000O\000u\000t\000P\000t\000r}{subsection.8.12.2}% 226
\BOOKMARK [3][-]{subsubsection.8.12.2.4}{\376\377\0008\000.\0001\0002\000.\0002\000.\0004\000\040\000O\000u\000t\000T\000u\000p}{subsection.8.12.2}% 227
\BOOKMARK [3][-]{subsubsection.8.12.2.5}{\376\377\0008\000.\0001\0002\000.\0002\000.\0005\000\040\000O\000u\000t\000V\000e\000c}{subsection.8.12.2}% 228
\BOOKMARK [3][-]{subsubsection.8.12.2.6}{\376\377\0008\000.\0001\0002\000.\0002\000.\0006\000\040\000p\000o\000l\000\137\000t}{subsection.8.12.2}% 229
\BOOKMARK [3][-]{subsubsection.8.12.2.7}{\376\377\0008\000.\0001\0002\000.\0002\000.\0007\000\040\000P\000o\000l\000i\000c\000y\000T\000u\000p}{subsection.8.12.2}% 230
\BOOKMARK [3][-]{subsubsection.8.12.2.8}{\376\377\0008\000.\0001\0002\000.\0002\000.\0008\000\040\000v\000a\000l\000\137\000t}{subsection.8.12.2}% 231
\BOOKMARK [2][-]{subsection.8.12.3}{\376\377\0008\000.\0001\0002\000.\0003\000\040\000C\000o\000n\000s\000t\000r\000u\000c\000t\000o\000r\000\040\000\046\000\040\000D\000e\000s\000t\000r\000u\000c\000t\000o\000r\000\040\000D\000o\000c\000u\000m\000e\000n\000t\000a\000t\000i\000o\000n}{section.8.12}% 232
\BOOKMARK [3][-]{subsubsection.8.12.3.1}{\376\377\0008\000.\0001\0002\000.\0003\000.\0001\000\040\000O\000u\000t\000p\000u\000t\000C\000o\000n\000t\000e\000x\000t\000\050\000\051\000\040\000[\0001\000/\0003\000]}{subsection.8.12.3}% 233
\BOOKMARK [3][-]{subsubsection.8.12.3.2}{\376\377\0008\000.\0001\0002\000.\0003\000.\0002\000\040\000O\000u\000t\000p\000u\000t\000C\000o\000n\000t\000e\000x\000t\000\050\000\051\000\040\000[\0002\000/\0003\000]}{subsection.8.12.3}% 234
\BOOKMARK [3][-]{subsubsection.8.12.3.3}{\376\377\0008\000.\0001\0002\000.\0003\000.\0003\000\040\000O\000u\000t\000p\000u\000t\000C\000o\000n\000t\000e\000x\000t\000\050\000\051\000\040\000[\0003\000/\0003\000]}{subsection.8.12.3}% 235
\BOOKMARK [2][-]{subsection.8.12.4}{\376\377\0008\000.\0001\0002\000.\0004\000\040\000M\000e\000m\000b\000e\000r\000\040\000F\000u\000n\000c\000t\000i\000o\000n\000\040\000D\000o\000c\000u\000m\000e\000n\000t\000a\000t\000i\000o\000n}{section.8.12}% 236
\BOOKMARK [3][-]{subsubsection.8.12.4.1}{\376\377\0008\000.\0001\0002\000.\0004\000.\0001\000\040\000a\000d\000d\000\050\000\051}{subsection.8.12.4}% 237
\BOOKMARK [3][-]{subsubsection.8.12.4.2}{\376\377\0008\000.\0001\0002\000.\0004\000.\0002\000\040\000a\000n\000y\000\137\000f\000a\000i\000l\000\050\000\051}{subsection.8.12.4}% 238
\BOOKMARK [3][-]{subsubsection.8.12.4.3}{\376\377\0008\000.\0001\0002\000.\0004\000.\0003\000\040\000c\000o\000m\000p\000u\000t\000e\000\137\000e\000r\000r\000o\000r\000s\000\050\000\051}{subsection.8.12.4}% 239
\BOOKMARK [3][-]{subsubsection.8.12.4.4}{\376\377\0008\000.\0001\0002\000.\0004\000.\0004\000\040\000g\000e\000t\000\137\000o\000u\000t\000p\000u\000t\000\050\000\051\000\040\000[\0001\000/\0004\000]}{subsection.8.12.4}% 240
\BOOKMARK [3][-]{subsubsection.8.12.4.5}{\376\377\0008\000.\0001\0002\000.\0004\000.\0005\000\040\000g\000e\000t\000\137\000o\000u\000t\000p\000u\000t\000\050\000\051\000\040\000[\0002\000/\0004\000]}{subsection.8.12.4}% 241
\BOOKMARK [3][-]{subsubsection.8.12.4.6}{\376\377\0008\000.\0001\0002\000.\0004\000.\0006\000\040\000g\000e\000t\000\137\000o\000u\000t\000p\000u\000t\000\050\000\051\000\040\000[\0003\000/\0004\000]}{subsection.8.12.4}% 242
\BOOKMARK [3][-]{subsubsection.8.12.4.7}{\376\377\0008\000.\0001\0002\000.\0004\000.\0007\000\040\000g\000e\000t\000\137\000o\000u\000t\000p\000u\000t\000\050\000\051\000\040\000[\0004\000/\0004\000]}{subsection.8.12.4}% 243
\BOOKMARK [3][-]{subsubsection.8.12.4.8}{\376\377\0008\000.\0001\0002\000.\0004\000.\0008\000\040\000g\000e\000t\000\137\000o\000u\000t\000p\000u\000t\000\137\000b\000y\000\137\000i\000n\000d\000e\000x\000\137\000\050\000\051}{subsection.8.12.4}% 244
\BOOKMARK [3][-]{subsubsection.8.12.4.9}{\376\377\0008\000.\0001\0002\000.\0004\000.\0009\000\040\000g\000e\000t\000\137\000o\000u\000t\000p\000u\000t\000\137\000b\000y\000\137\000n\000a\000m\000e\000\137\000\050\000\051}{subsection.8.12.4}% 245
\BOOKMARK [3][-]{subsubsection.8.12.4.10}{\376\377\0008\000.\0001\0002\000.\0004\000.\0001\0000\000\040\000g\000e\000t\000\137\000r\000e\000f\000e\000r\000e\000n\000c\000e\000\137\000o\000u\000t\000p\000u\000t\000\050\000\051\000\040\000[\0001\000/\0002\000]}{subsection.8.12.4}% 246
\BOOKMARK [3][-]{subsubsection.8.12.4.11}{\376\377\0008\000.\0001\0002\000.\0004\000.\0001\0001\000\040\000g\000e\000t\000\137\000r\000e\000f\000e\000r\000e\000n\000c\000e\000\137\000o\000u\000t\000p\000u\000t\000\050\000\051\000\040\000[\0002\000/\0002\000]}{subsection.8.12.4}% 247
\BOOKMARK [3][-]{subsubsection.8.12.4.12}{\376\377\0008\000.\0001\0002\000.\0004\000.\0001\0002\000\040\000o\000p\000e\000r\000a\000t\000o\000r\000=\000\050\000\051\000\040\000[\0001\000/\0002\000]}{subsection.8.12.4}% 248
\BOOKMARK [3][-]{subsubsection.8.12.4.13}{\376\377\0008\000.\0001\0002\000.\0004\000.\0001\0003\000\040\000o\000p\000e\000r\000a\000t\000o\000r\000=\000\050\000\051\000\040\000[\0002\000/\0002\000]}{subsection.8.12.4}% 249
\BOOKMARK [3][-]{subsubsection.8.12.4.14}{\376\377\0008\000.\0001\0002\000.\0004\000.\0001\0004\000\040\000p\000r\000i\000n\000t\000\137\000h\000e\000a\000d\000e\000r\000\050\000\051}{subsection.8.12.4}% 250
\BOOKMARK [3][-]{subsubsection.8.12.4.15}{\376\377\0008\000.\0001\0002\000.\0004\000.\0001\0005\000\040\000p\000r\000i\000n\000t\000\137\000m\000e\000t\000r\000i\000c\000s\000\050\000\051}{subsection.8.12.4}% 251
\BOOKMARK [3][-]{subsubsection.8.12.4.16}{\376\377\0008\000.\0001\0002\000.\0004\000.\0001\0006\000\040\000r\000e\000g\000i\000s\000t\000e\000r\000\137\000p\000l\000u\000g\000i\000n\000\050\000\051}{subsection.8.12.4}% 252
\BOOKMARK [3][-]{subsubsection.8.12.4.17}{\376\377\0008\000.\0001\0002\000.\0004\000.\0001\0007\000\040\000r\000u\000n\000\050\000\051}{subsection.8.12.4}% 253
\BOOKMARK [3][-]{subsubsection.8.12.4.18}{\376\377\0008\000.\0001\0002\000.\0004\000.\0001\0008\000\040\000s\000e\000t\000\137\000r\000e\000f\000e\000r\000e\000n\000c\000e\000\050\000\051}{subsection.8.12.4}% 254
\BOOKMARK [3][-]{subsubsection.8.12.4.19}{\376\377\0008\000.\0001\0002\000.\0004\000.\0001\0009\000\040\000s\000p\000e\000c\000\137\000m\000e\000t\000r\000i\000c\000\137\000c\000o\000u\000n\000t\000\050\000\051}{subsection.8.12.4}% 255
\BOOKMARK [3][-]{subsubsection.8.12.4.20}{\376\377\0008\000.\0001\0002\000.\0004\000.\0002\0000\000\040\000s\000p\000e\000c\000\137\000m\000e\000t\000r\000i\000c\000\137\000n\000a\000m\000e\000\050\000\051}{subsection.8.12.4}% 256
\BOOKMARK [3][-]{subsubsection.8.12.4.21}{\376\377\0008\000.\0001\0002\000.\0004\000.\0002\0001\000\040\000u\000n\000p\000a\000c\000k\000\137\000o\000u\000t\000p\000u\000t\000\137\000\050\000\051}{subsection.8.12.4}% 257
\BOOKMARK [2][-]{subsection.8.12.5}{\376\377\0008\000.\0001\0002\000.\0005\000\040\000M\000e\000m\000b\000e\000r\000\040\000D\000a\000t\000a\000\040\000D\000o\000c\000u\000m\000e\000n\000t\000a\000t\000i\000o\000n}{section.8.12}% 258
\BOOKMARK [3][-]{subsubsection.8.12.5.1}{\376\377\0008\000.\0001\0002\000.\0005\000.\0001\000\040\000i\000m\000p\000l\000s\000\137}{subsection.8.12.5}% 259
\BOOKMARK [3][-]{subsubsection.8.12.5.2}{\376\377\0008\000.\0001\0002\000.\0005\000.\0002\000\040\000i\000n\000p\000u\000t\000s\000\137}{subsection.8.12.5}% 260
\BOOKMARK [3][-]{subsubsection.8.12.5.3}{\376\377\0008\000.\0001\0002\000.\0005\000.\0003\000\040\000N\000U\000M\000\137\000O\000U\000T}{subsection.8.12.5}% 261
\BOOKMARK [3][-]{subsubsection.8.12.5.4}{\376\377\0008\000.\0001\0002\000.\0005\000.\0004\000\040\000o\000u\000t\000p\000u\000t\000s\000\137}{subsection.8.12.5}% 262
\BOOKMARK [3][-]{subsubsection.8.12.5.5}{\376\377\0008\000.\0001\0002\000.\0005\000.\0005\000\040\000p\000l\000u\000g\000i\000n\000s\000\137}{subsection.8.12.5}% 263
\BOOKMARK [3][-]{subsubsection.8.12.5.6}{\376\377\0008\000.\0001\0002\000.\0005\000.\0006\000\040\000p\000o\000l\000i\000c\000i\000e\000s\000\137\000r\000e\000f\000\137}{subsection.8.12.5}% 264
\BOOKMARK [3][-]{subsubsection.8.12.5.7}{\376\377\0008\000.\0001\0002\000.\0005\000.\0007\000\040\000P\000R\000I\000N\000T\000\137\000C\000O\000L\000\137\000W\000I\000D\000T\000H}{subsection.8.12.5}% 265
\BOOKMARK [1][-]{section.8.13}{\376\377\0008\000.\0001\0003\000\040\000c\000o\000m\000p\000p\000a\000r\000e\000:\000:\000p\000l\000u\000g\000i\000n\000:\000:\000P\000l\000u\000g\000i\000n\000<\000\040\000I\000n\000T\000u\000p\000,\000\040\000O\000u\000t\000T\000u\000p\000\040\000>\000\040\000C\000l\000a\000s\000s\000\040\000T\000e\000m\000p\000l\000a\000t\000e\000\040\000R\000e\000f\000e\000r\000e\000n\000c\000e}{chapter.8}% 266
\BOOKMARK [2][-]{subsection.8.13.1}{\376\377\0008\000.\0001\0003\000.\0001\000\040\000C\000o\000n\000s\000t\000r\000u\000c\000t\000o\000r\000\040\000\046\000\040\000D\000e\000s\000t\000r\000u\000c\000t\000o\000r\000\040\000D\000o\000c\000u\000m\000e\000n\000t\000a\000t\000i\000o\000n}{section.8.13}% 267
\BOOKMARK [3][-]{subsubsection.8.13.1.1}{\376\377\0008\000.\0001\0003\000.\0001\000.\0001\000\040\000~\000P\000l\000u\000g\000i\000n\000\050\000\051}{subsection.8.13.1}% 268
\BOOKMARK [2][-]{subsection.8.13.2}{\376\377\0008\000.\0001\0003\000.\0002\000\040\000M\000e\000m\000b\000e\000r\000\040\000F\000u\000n\000c\000t\000i\000o\000n\000\040\000D\000o\000c\000u\000m\000e\000n\000t\000a\000t\000i\000o\000n}{section.8.13}% 269
\BOOKMARK [3][-]{subsubsection.8.13.2.1}{\376\377\0008\000.\0001\0003\000.\0002\000.\0001\000\040\000i\000n\000i\000t\000i\000a\000l\000i\000z\000e\000\050\000\051}{subsection.8.13.2}% 270
\BOOKMARK [3][-]{subsubsection.8.13.2.2}{\376\377\0008\000.\0001\0003\000.\0002\000.\0002\000\040\000r\000u\000n\000\050\000\051}{subsection.8.13.2}% 271
\BOOKMARK [1][-]{section.8.14}{\376\377\0008\000.\0001\0004\000\040\000c\000o\000m\000p\000p\000a\000r\000e\000:\000:\000p\000l\000u\000g\000i\000n\000:\000:\000P\000l\000u\000g\000i\000n\000A\000r\000g\000P\000a\000r\000s\000e\000r\000\040\000C\000l\000a\000s\000s\000\040\000R\000e\000f\000e\000r\000e\000n\000c\000e}{chapter.8}% 272
\BOOKMARK [2][-]{subsection.8.14.1}{\376\377\0008\000.\0001\0004\000.\0001\000\040\000C\000o\000n\000s\000t\000r\000u\000c\000t\000o\000r\000\040\000\046\000\040\000D\000e\000s\000t\000r\000u\000c\000t\000o\000r\000\040\000D\000o\000c\000u\000m\000e\000n\000t\000a\000t\000i\000o\000n}{section.8.14}% 273
\BOOKMARK [3][-]{subsubsection.8.14.1.1}{\376\377\0008\000.\0001\0004\000.\0001\000.\0001\000\040\000P\000l\000u\000g\000i\000n\000A\000r\000g\000P\000a\000r\000s\000e\000r\000\050\000\051\000\040\000[\0001\000/\0003\000]}{subsection.8.14.1}% 274
\BOOKMARK [3][-]{subsubsection.8.14.1.2}{\376\377\0008\000.\0001\0004\000.\0001\000.\0002\000\040\000P\000l\000u\000g\000i\000n\000A\000r\000g\000P\000a\000r\000s\000e\000r\000\050\000\051\000\040\000[\0002\000/\0003\000]}{subsection.8.14.1}% 275
\BOOKMARK [3][-]{subsubsection.8.14.1.3}{\376\377\0008\000.\0001\0004\000.\0001\000.\0003\000\040\000P\000l\000u\000g\000i\000n\000A\000r\000g\000P\000a\000r\000s\000e\000r\000\050\000\051\000\040\000[\0003\000/\0003\000]}{subsection.8.14.1}% 276
\BOOKMARK [3][-]{subsubsection.8.14.1.4}{\376\377\0008\000.\0001\0004\000.\0001\000.\0004\000\040\000~\000P\000l\000u\000g\000i\000n\000A\000r\000g\000P\000a\000r\000s\000e\000r\000\050\000\051}{subsection.8.14.1}% 277
\BOOKMARK [2][-]{subsection.8.14.2}{\376\377\0008\000.\0001\0004\000.\0002\000\040\000M\000e\000m\000b\000e\000r\000\040\000F\000u\000n\000c\000t\000i\000o\000n\000\040\000D\000o\000c\000u\000m\000e\000n\000t\000a\000t\000i\000o\000n}{section.8.14}% 278
\BOOKMARK [3][-]{subsubsection.8.14.2.1}{\376\377\0008\000.\0001\0004\000.\0002\000.\0001\000\040\000a\000p\000p\000e\000n\000d\000\137\000t\000o\000k\000e\000n\000s\000\050\000\051}{subsection.8.14.2}% 279
\BOOKMARK [3][-]{subsubsection.8.14.2.2}{\376\377\0008\000.\0001\0004\000.\0002\000.\0002\000\040\000a\000r\000g\000c\000\050\000\051}{subsection.8.14.2}% 280
\BOOKMARK [3][-]{subsubsection.8.14.2.3}{\376\377\0008\000.\0001\0004\000.\0002\000.\0003\000\040\000a\000r\000g\000s\000\050\000\051}{subsection.8.14.2}% 281
\BOOKMARK [3][-]{subsubsection.8.14.2.4}{\376\377\0008\000.\0001\0004\000.\0002\000.\0004\000\040\000a\000r\000g\000v\000\050\000\051}{subsection.8.14.2}% 282
\BOOKMARK [3][-]{subsubsection.8.14.2.5}{\376\377\0008\000.\0001\0004\000.\0002\000.\0005\000\040\000o\000p\000e\000r\000a\000t\000o\000r\000=\000\050\000\051\000\040\000[\0001\000/\0002\000]}{subsection.8.14.2}% 283
\BOOKMARK [3][-]{subsubsection.8.14.2.6}{\376\377\0008\000.\0001\0004\000.\0002\000.\0006\000\040\000o\000p\000e\000r\000a\000t\000o\000r\000=\000\050\000\051\000\040\000[\0002\000/\0002\000]}{subsection.8.14.2}% 284
\BOOKMARK [3][-]{subsubsection.8.14.2.7}{\376\377\0008\000.\0001\0004\000.\0002\000.\0007\000\040\000p\000a\000r\000s\000e\000\050\000\051}{subsection.8.14.2}% 285
\BOOKMARK [3][-]{subsubsection.8.14.2.8}{\376\377\0008\000.\0001\0004\000.\0002\000.\0008\000\040\000s\000p\000l\000i\000t\000\137\000s\000h\000e\000l\000l\000\137\000l\000i\000k\000e\000\050\000\051}{subsection.8.14.2}% 286
\BOOKMARK [3][-]{subsubsection.8.14.2.9}{\376\377\0008\000.\0001\0004\000.\0002\000.\0009\000\040\000s\000t\000a\000r\000t\000s\000\137\000w\000i\000t\000h\000\050\000\051}{subsection.8.14.2}% 287
\BOOKMARK [2][-]{subsection.8.14.3}{\376\377\0008\000.\0001\0004\000.\0003\000\040\000M\000e\000m\000b\000e\000r\000\040\000D\000a\000t\000a\000\040\000D\000o\000c\000u\000m\000e\000n\000t\000a\000t\000i\000o\000n}{section.8.14}% 288
\BOOKMARK [3][-]{subsubsection.8.14.3.1}{\376\377\0008\000.\0001\0004\000.\0003\000.\0001\000\040\000a\000r\000g\000s\000\137}{subsection.8.14.3}% 289
\BOOKMARK [3][-]{subsubsection.8.14.3.2}{\376\377\0008\000.\0001\0004\000.\0003\000.\0002\000\040\000c\000a\000r\000g\000v\000\137}{subsection.8.14.3}% 290
\BOOKMARK [3][-]{subsubsection.8.14.3.3}{\376\377\0008\000.\0001\0004\000.\0003\000.\0003\000\040\000h\000e\000a\000d\000e\000r\000\137}{subsection.8.14.3}% 291
\BOOKMARK [3][-]{subsubsection.8.14.3.4}{\376\377\0008\000.\0001\0004\000.\0003\000.\0004\000\040\000s\000t\000r\000i\000c\000t\000\137}{subsection.8.14.3}% 292
\BOOKMARK [1][-]{section.8.15}{\376\377\0008\000.\0001\0005\000\040\000c\000o\000m\000p\000p\000a\000r\000e\000:\000:\000i\000n\000t\000e\000r\000n\000a\000l\000:\000:\000p\000o\000l\000i\000c\000y\000:\000:\000a\000u\000t\000o\000p\000o\000l\000i\000c\000y\000:\000:\000R\000a\000n\000g\000e\000E\000r\000r\000o\000r\000P\000o\000l\000i\000c\000y\000<\000\040\000R\000\040\000>\000\040\000C\000l\000a\000s\000s\000\040\000T\000e\000m\000p\000l\000a\000t\000e\000\040\000R\000e\000f\000e\000r\000e\000n\000c\000e}{chapter.8}% 293
\BOOKMARK [2][-]{subsection.8.15.1}{\376\377\0008\000.\0001\0005\000.\0001\000\040\000M\000e\000m\000b\000e\000r\000\040\000T\000y\000p\000e\000d\000e\000f\000\040\000D\000o\000c\000u\000m\000e\000n\000t\000a\000t\000i\000o\000n}{section.8.15}% 294
\BOOKMARK [3][-]{subsubsection.8.15.1.1}{\376\377\0008\000.\0001\0005\000.\0001\000.\0001\000\040\000T}{subsection.8.15.1}% 295
\BOOKMARK [2][-]{subsection.8.15.2}{\376\377\0008\000.\0001\0005\000.\0002\000\040\000M\000e\000m\000b\000e\000r\000\040\000F\000u\000n\000c\000t\000i\000o\000n\000\040\000D\000o\000c\000u\000m\000e\000n\000t\000a\000t\000i\000o\000n}{section.8.15}% 296
\BOOKMARK [3][-]{subsubsection.8.15.2.1}{\376\377\0008\000.\0001\0005\000.\0002\000.\0001\000\040\000c\000o\000m\000p\000u\000t\000e\000\137\000e\000r\000r\000o\000r\000\050\000\051}{subsection.8.15.2}% 297
\BOOKMARK [3][-]{subsubsection.8.15.2.2}{\376\377\0008\000.\0001\0005\000.\0002\000.\0002\000\040\000g\000e\000t\000\137\000m\000a\000x\000\050\000\051}{subsection.8.15.2}% 298
\BOOKMARK [3][-]{subsubsection.8.15.2.3}{\376\377\0008\000.\0001\0005\000.\0002\000.\0003\000\040\000g\000e\000t\000\137\000m\000e\000a\000n\000\050\000\051}{subsection.8.15.2}% 299
\BOOKMARK [3][-]{subsubsection.8.15.2.4}{\376\377\0008\000.\0001\0005\000.\0002\000.\0004\000\040\000g\000e\000t\000\137\000t\000o\000t\000a\000l\000\050\000\051}{subsection.8.15.2}% 300
\BOOKMARK [3][-]{subsubsection.8.15.2.5}{\376\377\0008\000.\0001\0005\000.\0002\000.\0005\000\040\000i\000s\000\137\000f\000a\000i\000l\000\050\000\051}{subsection.8.15.2}% 301
\BOOKMARK [3][-]{subsubsection.8.15.2.6}{\376\377\0008\000.\0001\0005\000.\0002\000.\0006\000\040\000m\000e\000t\000r\000i\000c\000\050\000\051}{subsection.8.15.2}% 302
\BOOKMARK [3][-]{subsubsection.8.15.2.7}{\376\377\0008\000.\0001\0005\000.\0002\000.\0007\000\040\000m\000e\000t\000r\000i\000c\000\137\000c\000o\000u\000n\000t\000\050\000\051}{subsection.8.15.2}% 303
\BOOKMARK [3][-]{subsubsection.8.15.2.8}{\376\377\0008\000.\0001\0005\000.\0002\000.\0008\000\040\000m\000e\000t\000r\000i\000c\000\137\000n\000a\000m\000e\000\050\000\051}{subsection.8.15.2}% 304
\BOOKMARK [2][-]{subsection.8.15.3}{\376\377\0008\000.\0001\0005\000.\0003\000\040\000M\000e\000m\000b\000e\000r\000\040\000D\000a\000t\000a\000\040\000D\000o\000c\000u\000m\000e\000n\000t\000a\000t\000i\000o\000n}{section.8.15}% 305
\BOOKMARK [3][-]{subsubsection.8.15.3.1}{\376\377\0008\000.\0001\0005\000.\0003\000.\0001\000\040\000e\000l\000e\000m\000\137\000c\000n\000t\000\137}{subsection.8.15.3}% 306
\BOOKMARK [3][-]{subsubsection.8.15.3.2}{\376\377\0008\000.\0001\0005\000.\0003\000.\0002\000\040\000e\000r\000r\000\137\000m\000s\000g\000\137}{subsection.8.15.3}% 307
\BOOKMARK [3][-]{subsubsection.8.15.3.3}{\376\377\0008\000.\0001\0005\000.\0003\000.\0003\000\040\000m\000a\000x\000\137\000e\000r\000r\000o\000r\000\137}{subsection.8.15.3}% 308
\BOOKMARK [3][-]{subsubsection.8.15.3.4}{\376\377\0008\000.\0001\0005\000.\0003\000.\0004\000\040\000n\000a\000m\000e\000s}{subsection.8.15.3}% 309
\BOOKMARK [3][-]{subsubsection.8.15.3.5}{\376\377\0008\000.\0001\0005\000.\0003\000.\0005\000\040\000t\000o\000t\000a\000l\000\137\000e\000r\000r\000o\000r\000\137}{subsection.8.15.3}% 310
\BOOKMARK [3][-]{subsubsection.8.15.3.6}{\376\377\0008\000.\0001\0005\000.\0003\000.\0006\000\040\000v\000a\000l\000i\000d\000\137}{subsection.8.15.3}% 311
\BOOKMARK [1][-]{section.8.16}{\376\377\0008\000.\0001\0006\000\040\000c\000o\000m\000p\000p\000a\000r\000e\000:\000:\000s\000p\000e\000c\000<\000\040\000V\000a\000l\000u\000e\000,\000\040\000P\000o\000l\000i\000c\000y\000\040\000>\000\040\000S\000t\000r\000u\000c\000t\000\040\000T\000e\000m\000p\000l\000a\000t\000e\000\040\000R\000e\000f\000e\000r\000e\000n\000c\000e}{chapter.8}% 312
\BOOKMARK [1][-]{section.8.17}{\376\377\0008\000.\0001\0007\000\040\000c\000o\000m\000p\000p\000a\000r\000e\000:\000:\000s\000p\000e\000c\000<\000\040\000s\000p\000e\000c\000<\000\040\000V\000a\000l\000u\000e\000,\000\040\000P\000o\000l\000i\000c\000y\000\040\000>\000,\000\040\000v\000o\000i\000d\000\040\000>\000\040\000S\000t\000r\000u\000c\000t\000\040\000T\000e\000m\000p\000l\000a\000t\000e\000\040\000R\000e\000f\000e\000r\000e\000n\000c\000e}{chapter.8}% 313
\BOOKMARK [2][-]{subsection.8.17.1}{\376\377\0008\000.\0001\0007\000.\0001\000\040\000M\000e\000m\000b\000e\000r\000\040\000T\000y\000p\000e\000d\000e\000f\000\040\000D\000o\000c\000u\000m\000e\000n\000t\000a\000t\000i\000o\000n}{section.8.17}% 314
\BOOKMARK [3][-]{subsubsection.8.17.1.1}{\376\377\0008\000.\0001\0007\000.\0001\000.\0001\000\040\000p\000o\000l\000i\000c\000y\000\137\000t}{subsection.8.17.1}% 315
\BOOKMARK [3][-]{subsubsection.8.17.1.2}{\376\377\0008\000.\0001\0007\000.\0001\000.\0002\000\040\000v\000a\000l\000u\000e\000\137\000t}{subsection.8.17.1}% 316
\BOOKMARK [1][-]{section.8.18}{\376\377\0008\000.\0001\0008\000\040\000c\000o\000m\000p\000p\000a\000r\000e\000:\000:\000s\000p\000e\000c\000<\000\040\000V\000a\000l\000u\000e\000,\000\040\000v\000o\000i\000d\000\040\000>\000\040\000S\000t\000r\000u\000c\000t\000\040\000T\000e\000m\000p\000l\000a\000t\000e\000\040\000R\000e\000f\000e\000r\000e\000n\000c\000e}{chapter.8}% 317
\BOOKMARK [2][-]{subsection.8.18.1}{\376\377\0008\000.\0001\0008\000.\0001\000\040\000M\000e\000m\000b\000e\000r\000\040\000T\000y\000p\000e\000d\000e\000f\000\040\000D\000o\000c\000u\000m\000e\000n\000t\000a\000t\000i\000o\000n}{section.8.18}% 318
\BOOKMARK [3][-]{subsubsection.8.18.1.1}{\376\377\0008\000.\0001\0008\000.\0001\000.\0001\000\040\000p\000o\000l\000i\000c\000y\000\137\000t}{subsection.8.18.1}% 319
\BOOKMARK [3][-]{subsubsection.8.18.1.2}{\376\377\0008\000.\0001\0008\000.\0001\000.\0002\000\040\000v\000a\000l\000u\000e\000\137\000t}{subsection.8.18.1}% 320
\BOOKMARK [1][-]{section.8.19}{\376\377\0008\000.\0001\0009\000\040\000c\000o\000m\000p\000p\000a\000r\000e\000:\000:\000i\000n\000t\000e\000r\000n\000a\000l\000:\000:\000p\000o\000l\000i\000c\000y\000:\000:\000a\000u\000t\000o\000p\000o\000l\000i\000c\000y\000:\000:\000S\000t\000r\000i\000n\000g\000E\000q\000u\000a\000l\000P\000o\000l\000i\000c\000y\000\040\000C\000l\000a\000s\000s\000\040\000R\000e\000f\000e\000r\000e\000n\000c\000e}{chapter.8}% 321
\BOOKMARK [2][-]{subsection.8.19.1}{\376\377\0008\000.\0001\0009\000.\0001\000\040\000M\000e\000m\000b\000e\000r\000\040\000F\000u\000n\000c\000t\000i\000o\000n\000\040\000D\000o\000c\000u\000m\000e\000n\000t\000a\000t\000i\000o\000n}{section.8.19}% 322
\BOOKMARK [3][-]{subsubsection.8.19.1.1}{\376\377\0008\000.\0001\0009\000.\0001\000.\0001\000\040\000c\000o\000m\000p\000u\000t\000e\000\137\000e\000r\000r\000o\000r\000\050\000\051}{subsection.8.19.1}% 323
\BOOKMARK [3][-]{subsubsection.8.19.1.2}{\376\377\0008\000.\0001\0009\000.\0001\000.\0002\000\040\000i\000s\000\137\000f\000a\000i\000l\000\050\000\051}{subsection.8.19.1}% 324
\BOOKMARK [3][-]{subsubsection.8.19.1.3}{\376\377\0008\000.\0001\0009\000.\0001\000.\0003\000\040\000m\000e\000t\000r\000i\000c\000\050\000\051}{subsection.8.19.1}% 325
\BOOKMARK [3][-]{subsubsection.8.19.1.4}{\376\377\0008\000.\0001\0009\000.\0001\000.\0004\000\040\000m\000e\000t\000r\000i\000c\000\137\000c\000o\000u\000n\000t\000\050\000\051}{subsection.8.19.1}% 326
\BOOKMARK [3][-]{subsubsection.8.19.1.5}{\376\377\0008\000.\0001\0009\000.\0001\000.\0005\000\040\000m\000e\000t\000r\000i\000c\000\137\000n\000a\000m\000e\000\050\000\051}{subsection.8.19.1}% 327
\BOOKMARK [2][-]{subsection.8.19.2}{\376\377\0008\000.\0001\0009\000.\0002\000\040\000M\000e\000m\000b\000e\000r\000\040\000D\000a\000t\000a\000\040\000D\000o\000c\000u\000m\000e\000n\000t\000a\000t\000i\000o\000n}{section.8.19}% 328
\BOOKMARK [3][-]{subsubsection.8.19.2.1}{\376\377\0008\000.\0001\0009\000.\0002\000.\0001\000\040\000e\000q\000\137}{subsection.8.19.2}% 329
\BOOKMARK [3][-]{subsubsection.8.19.2.2}{\376\377\0008\000.\0001\0009\000.\0002\000.\0002\000\040\000n\000a\000m\000e\000s}{subsection.8.19.2}% 330
\BOOKMARK [0][-]{chapter.9}{\376\377\0009\000\040\000F\000i\000l\000e\000\040\000D\000o\000c\000u\000m\000e\000n\000t\000a\000t\000i\000o\000n}{}% 331
\BOOKMARK [1][-]{section.9.1}{\376\377\0009\000.\0001\000\040\000i\000n\000c\000l\000u\000d\000e\000/\000c\000o\000m\000p\000p\000a\000r\000e\000/\000c\000o\000m\000p\000p\000a\000r\000e\000.\000h\000p\000p\000\040\000F\000i\000l\000e\000\040\000R\000e\000f\000e\000r\000e\000n\000c\000e}{chapter.9}% 332
\BOOKMARK [2][-]{subsection.9.1.1}{\376\377\0009\000.\0001\000.\0001\000\040\000D\000e\000t\000a\000i\000l\000e\000d\000\040\000D\000e\000s\000c\000r\000i\000p\000t\000i\000o\000n}{section.9.1}% 333
\BOOKMARK [2][-]{subsection.9.1.2}{\376\377\0009\000.\0001\000.\0002\000\040\000M\000a\000c\000r\000o\000\040\000D\000e\000f\000i\000n\000i\000t\000i\000o\000n\000\040\000D\000o\000c\000u\000m\000e\000n\000t\000a\000t\000i\000o\000n}{section.9.1}% 334
\BOOKMARK [3][-]{subsubsection.9.1.2.1}{\376\377\0009\000.\0001\000.\0002\000.\0001\000\040\000C\000O\000M\000P\000P\000A\000R\000E\000\137\000H\000O\000T\000L\000O\000O\000P\000\137\000B\000E\000N\000C\000H}{subsection.9.1.2}% 335
\BOOKMARK [3][-]{subsubsection.9.1.2.2}{\376\377\0009\000.\0001\000.\0002\000.\0002\000\040\000G\000P\000U\000\137\000H\000O\000T\000L\000O\000O\000P\000S\000T\000A\000R\000T}{subsection.9.1.2}% 336
\BOOKMARK [3][-]{subsubsection.9.1.2.3}{\376\377\0009\000.\0001\000.\0002\000.\0003\000\040\000H\000O\000T\000L\000O\000O\000P}{subsection.9.1.2}% 337
\BOOKMARK [3][-]{subsubsection.9.1.2.4}{\376\377\0009\000.\0001\000.\0002\000.\0004\000\040\000H\000O\000T\000L\000O\000O\000P\000E\000N\000D}{subsection.9.1.2}% 338
\BOOKMARK [3][-]{subsubsection.9.1.2.5}{\376\377\0009\000.\0001\000.\0002\000.\0005\000\040\000H\000O\000T\000L\000O\000O\000P\000S\000T\000A\000R\000T}{subsection.9.1.2}% 339
\BOOKMARK [3][-]{subsubsection.9.1.2.6}{\376\377\0009\000.\0001\000.\0002\000.\0006\000\040\000M\000A\000N\000U\000A\000L\000\137\000T\000I\000M\000E\000R\000\137\000E\000N\000D}{subsection.9.1.2}% 340
\BOOKMARK [3][-]{subsubsection.9.1.2.7}{\376\377\0009\000.\0001\000.\0002\000.\0007\000\040\000M\000A\000N\000U\000A\000L\000\137\000T\000I\000M\000E\000R\000\137\000S\000T\000A\000R\000T}{subsection.9.1.2}% 341
\BOOKMARK [3][-]{subsubsection.9.1.2.8}{\376\377\0009\000.\0001\000.\0002\000.\0008\000\040\000S\000E\000T\000\137\000I\000T\000E\000R\000A\000T\000I\000O\000N\000\137\000T\000I\000M\000E}{subsection.9.1.2}% 342
\BOOKMARK [1][-]{section.9.2}{\376\377\0009\000.\0002\000\040\000c\000o\000m\000p\000p\000a\000r\000e\000.\000h\000p\000p}{chapter.9}% 343
\BOOKMARK [1][-]{section.9.3}{\376\377\0009\000.\0003\000\040\000i\000n\000c\000l\000u\000d\000e\000/\000c\000o\000m\000p\000p\000a\000r\000e\000/\000i\000n\000t\000e\000r\000n\000a\000l\000/\000a\000n\000s\000i\000.\000h\000p\000p\000\040\000F\000i\000l\000e\000\040\000R\000e\000f\000e\000r\000e\000n\000c\000e}{chapter.9}% 344
\BOOKMARK [2][-]{subsection.9.3.1}{\376\377\0009\000.\0003\000.\0001\000\040\000M\000a\000c\000r\000o\000\040\000D\000e\000f\000i\000n\000i\000t\000i\000o\000n\000\040\000D\000o\000c\000u\000m\000e\000n\000t\000a\000t\000i\000o\000n}{section.9.3}% 345
\BOOKMARK [3][-]{subsubsection.9.3.1.1}{\376\377\0009\000.\0003\000.\0001\000.\0001\000\040\000A\000N\000S\000I\000\137\000D\000E\000F\000I\000N\000E}{subsection.9.3.1}% 346
\BOOKMARK [1][-]{section.9.4}{\376\377\0009\000.\0004\000\040\000a\000n\000s\000i\000.\000h\000p\000p}{chapter.9}% 347
\BOOKMARK [1][-]{section.9.5}{\376\377\0009\000.\0005\000\040\000i\000n\000c\000l\000u\000d\000e\000/\000c\000o\000m\000p\000p\000a\000r\000e\000/\000i\000n\000t\000e\000r\000n\000a\000l\000/\000c\000o\000n\000c\000e\000p\000t\000s\000.\000h\000p\000p\000\040\000F\000i\000l\000e\000\040\000R\000e\000f\000e\000r\000e\000n\000c\000e}{chapter.9}% 348
\BOOKMARK [1][-]{section.9.6}{\376\377\0009\000.\0006\000\040\000c\000o\000n\000c\000e\000p\000t\000s\000.\000h\000p\000p}{chapter.9}% 349
\BOOKMARK [1][-]{section.9.7}{\376\377\0009\000.\0007\000\040\000i\000n\000c\000l\000u\000d\000e\000/\000c\000o\000m\000p\000p\000a\000r\000e\000/\000i\000n\000t\000e\000r\000n\000a\000l\000/\000c\000o\000n\000f\000i\000g\000.\000h\000p\000p\000\040\000F\000i\000l\000e\000\040\000R\000e\000f\000e\000r\000e\000n\000c\000e}{chapter.9}% 350
\BOOKMARK [1][-]{section.9.8}{\376\377\0009\000.\0008\000\040\000c\000o\000n\000f\000i\000g\000.\000h\000p\000p}{chapter.9}% 351
\BOOKMARK [1][-]{section.9.9}{\376\377\0009\000.\0009\000\040\000i\000n\000c\000l\000u\000d\000e\000/\000c\000o\000m\000p\000p\000a\000r\000e\000/\000i\000n\000t\000e\000r\000n\000a\000l\000/\000h\000e\000l\000p\000e\000r\000.\000h\000p\000p\000\040\000F\000i\000l\000e\000\040\000R\000e\000f\000e\000r\000e\000n\000c\000e}{chapter.9}% 352
\BOOKMARK [1][-]{section.9.10}{\376\377\0009\000.\0001\0000\000\040\000h\000e\000l\000p\000e\000r\000.\000h\000p\000p}{chapter.9}% 353
\BOOKMARK [1][-]{section.9.11}{\376\377\0009\000.\0001\0001\000\040\000i\000n\000c\000l\000u\000d\000e\000/\000c\000o\000m\000p\000p\000a\000r\000e\000/\000i\000n\000t\000e\000r\000n\000a\000l\000/\000p\000o\000l\000i\000c\000y\000.\000h\000p\000p\000\040\000F\000i\000l\000e\000\040\000R\000e\000f\000e\000r\000e\000n\000c\000e}{chapter.9}% 354
\BOOKMARK [1][-]{section.9.12}{\376\377\0009\000.\0001\0002\000\040\000p\000o\000l\000i\000c\000y\000.\000h\000p\000p}{chapter.9}% 355
\BOOKMARK [1][-]{section.9.13}{\376\377\0009\000.\0001\0003\000\040\000i\000n\000c\000l\000u\000d\000e\000/\000c\000o\000m\000p\000p\000a\000r\000e\000/\000p\000l\000u\000g\000i\000n\000/\000g\000o\000o\000g\000l\000e\000\137\000b\000e\000n\000c\000h\000m\000a\000r\000k\000/\000g\000o\000o\000g\000l\000e\000\137\000b\000e\000n\000c\000h\000m\000a\000r\000k\000.\000h\000p\000p\000\040\000F\000i\000l\000e\000\040\000R\000e\000f\000e\000r\000e\000n\000c\000e}{chapter.9}% 356
\BOOKMARK [1][-]{section.9.14}{\376\377\0009\000.\0001\0004\000\040\000g\000o\000o\000g\000l\000e\000\137\000b\000e\000n\000c\000h\000m\000a\000r\000k\000.\000h\000p\000p}{chapter.9}% 357
\BOOKMARK [1][-]{section.9.15}{\376\377\0009\000.\0001\0005\000\040\000i\000n\000c\000l\000u\000d\000e\000/\000c\000o\000m\000p\000p\000a\000r\000e\000/\000p\000l\000u\000g\000i\000n\000/\000n\000v\000b\000e\000n\000c\000h\000/\000n\000v\000b\000e\000n\000c\000h\000.\000h\000p\000p\000\040\000F\000i\000l\000e\000\040\000R\000e\000f\000e\000r\000e\000n\000c\000e}{chapter.9}% 358
\BOOKMARK [1][-]{section.9.16}{\376\377\0009\000.\0001\0006\000\040\000n\000v\000b\000e\000n\000c\000h\000.\000h\000p\000p}{chapter.9}% 359
\BOOKMARK [1][-]{section.9.17}{\376\377\0009\000.\0001\0007\000\040\000i\000n\000c\000l\000u\000d\000e\000/\000c\000o\000m\000p\000p\000a\000r\000e\000/\000p\000l\000u\000g\000i\000n\000/\000p\000l\000u\000g\000i\000n\000.\000h\000p\000p\000\040\000F\000i\000l\000e\000\040\000R\000e\000f\000e\000r\000e\000n\000c\000e}{chapter.9}% 360
\BOOKMARK [1][-]{section.9.18}{\376\377\0009\000.\0001\0008\000\040\000p\000l\000u\000g\000i\000n\000.\000h\000p\000p}{chapter.9}% 361
