This is pdfTeX, Version 3.141592653-2.6-1.40.27 (TeX Live 2025/Homebrew) (preloaded format=pdflatex 2025.3.15)  28 AUG 2025 00:08
entering extended mode
 restricted \write18 enabled.
 file:line:error style messages enabled.
 %&-line parsing enabled.
**/Users/stanleyfungleongfan/Documents/GitHub/ComPPare/docs/latex/refman.tex
(/Users/stanleyfungleongfan/Documents/GitHub/ComPPare/docs/latex/refman.tex
LaTeX2e <2024-11-01> patch level 2
L3 programming layer <2025-01-18>
(/opt/homebrew/Cellar/texlive/20250308_1/share/texmf-dist/tex/generic/iftex/iftex.sty
Package: iftex 2024/12/12 v1.0g TeX engine tests
) (/opt/homebrew/Cellar/texlive/20250308_1/share/texmf-dist/tex/latex/base/book.cls
Document Class: book 2024/06/29 v1.4n Standard LaTeX document class
(/opt/homebrew/Cellar/texlive/20250308_1/share/texmf-dist/tex/latex/base/bk10.clo
File: bk10.clo 2024/06/29 v1.4n Standard LaTeX file (size option)
)
\c@part=\count196
\c@chapter=\count197
\c@section=\count198
\c@subsection=\count199
\c@subsubsection=\count266
\c@paragraph=\count267
\c@subparagraph=\count268
\c@figure=\count269
\c@table=\count270
\abovecaptionskip=\skip49
\belowcaptionskip=\skip50
\bibindent=\dimen141
) (/opt/homebrew/Cellar/texlive/20250308_1/share/texmf-dist/tex/latex/base/ifthen.sty
Package: ifthen 2024/03/16 v1.1e Standard LaTeX ifthen package (DPC)
) (/opt/homebrew/Cellar/texlive/20250308_1/share/texmf-dist/tex/latex/tools/array.sty
Rollback for package 'array' requested -> date 2016-10-06.
         Best approximation is the release introduced on 2016-10-06.
 (/opt/homebrew/Cellar/texlive/20250308_1/share/texmf-dist/tex/latex/tools/array-2016-10-06.sty
Package: array 2016/10/06 v2.4d Tabular extension package (FMi)
\col@sep=\dimen142
\extrarowheight=\dimen143
\NC@list=\toks17
\extratabsurround=\skip51
\backup@length=\skip52
)) (/opt/homebrew/Cellar/texlive/20250308_1/share/texmf-dist/tex/generic/infwarerr/infwarerr.sty
package info suppressed
) (./doxygen.sty
Package: doxygen 
 (/opt/homebrew/Cellar/texlive/20250308_1/share/texmf-dist/tex/latex/base/alltt.sty
Package: alltt 2024/07/07 v2.0g defines alltt environment
) (/opt/homebrew/Cellar/texlive/20250308_1/share/texmf-dist/tex/latex/tools/calc.sty
Package: calc 2023/07/08 v4.3 Infix arithmetic (KKT,FJ)
\calc@Acount=\count271
\calc@Bcount=\count272
\calc@Adimen=\dimen144
\calc@Bdimen=\dimen145
\calc@Askip=\skip53
\calc@Bskip=\skip54
LaTeX Info: Redefining \setlength on input line 80.
LaTeX Info: Redefining \addtolength on input line 81.
\calc@Ccount=\count273
\calc@Cskip=\skip55
) (/opt/homebrew/Cellar/texlive/20250308_1/share/texmf-dist/tex/latex/float/float.sty
Package: float 2001/11/08 v1.3d Float enhancements (AL)
\c@float@type=\count274
\float@exts=\toks18
\float@box=\box52
\@float@everytoks=\toks19
\@floatcapt=\box53
) (/opt/homebrew/Cellar/texlive/20250308_1/share/texmf-dist/tex/latex/tools/verbatim.sty
Package: verbatim 2024-01-22 v1.5x LaTeX2e package for verbatim enhancements
\every@verbatim=\toks20
\verbatim@line=\toks21
\verbatim@in@stream=\read2
) (/opt/homebrew/Cellar/texlive/20250308_1/share/texmf-dist/tex/latex/xcolor/xcolor.sty
Package: xcolor 2024/09/29 v3.02 LaTeX color extensions (UK)
 (/opt/homebrew/Cellar/texlive/20250308_1/share/texmf-dist/tex/latex/graphics-cfg/color.cfg
File: color.cfg 2016/01/02 v1.6 sample color configuration
)
Package xcolor Info: Driver file: pdftex.def on input line 274.
 (/opt/homebrew/Cellar/texlive/20250308_1/share/texmf-dist/tex/latex/graphics-def/pdftex.def
File: pdftex.def 2024/04/13 v1.2c Graphics/color driver for pdftex
) (/opt/homebrew/Cellar/texlive/20250308_1/share/texmf-dist/tex/latex/graphics/mathcolor.ltx)
Package xcolor Info: Model `cmy' substituted by `cmy0' on input line 1349.
Package xcolor Info: Model `hsb' substituted by `rgb' on input line 1353.
Package xcolor Info: Model `RGB' extended on input line 1365.
Package xcolor Info: Model `HTML' substituted by `rgb' on input line 1367.
Package xcolor Info: Model `Hsb' substituted by `hsb' on input line 1368.
Package xcolor Info: Model `tHsb' substituted by `hsb' on input line 1369.
Package xcolor Info: Model `HSB' substituted by `hsb' on input line 1370.
Package xcolor Info: Model `Gray' substituted by `gray' on input line 1371.
Package xcolor Info: Model `wave' substituted by `hsb' on input line 1372.
) (/opt/homebrew/Cellar/texlive/20250308_1/share/texmf-dist/tex/latex/colortbl/colortbl.sty
Package: colortbl 2024/07/06 v1.0i Color table columns (DPC)
\everycr=\toks22
\minrowclearance=\skip56
\rownum=\count275
) (./longtable_doxygen.sty
Package: longtable_doxygen 2014/10/28 v4.11 Multi-page Table package (DPC) - frozen version for doxygen
\LTleft=\skip57
\LTright=\skip58
\LTpre=\skip59
\LTpost=\skip60
\LTchunksize=\count276
\LTcapwidth=\dimen146
\LT@head=\box54
\LT@firsthead=\box55
\LT@foot=\box56
\LT@lastfoot=\box57
\LT@cols=\count277
\LT@rows=\count278
\c@LT@tables=\count279
\c@LT@chunks=\count280
\LT@p@ftn=\toks23
) (./tabu_doxygen.sty
Package: tabu_doxygen 2011/02/26 v2.8 - flexible LaTeX tabulars (FC), frozen version for doxygen
 (/opt/homebrew/Cellar/texlive/20250308_1/share/texmf-dist/tex/latex/varwidth/varwidth.sty
Package: varwidth 2009/03/30 ver 0.92;  Variable-width minipages
\@vwid@box=\box58
\sift@deathcycles=\count281
\@vwid@loff=\dimen147
\@vwid@roff=\dimen148
)
\c@taburow=\count282
\tabu@nbcols=\count283
\tabu@cnt=\count284
\tabu@Xcol=\count285
\tabu@alloc=\count286
\tabu@nested=\count287
\tabu@target=\dimen149
\tabu@spreadtarget=\dimen150
\tabu@naturalX=\dimen151
\tabucolX=\dimen152
\tabu@Xsum=\dimen153
\extrarowdepth=\dimen154
\abovetabulinesep=\dimen155
\belowtabulinesep=\dimen156
\tabustrutrule=\dimen157
\tabu@thebody=\toks24
\tabu@footnotes=\toks25
\tabu@box=\box59
\tabu@arstrutbox=\box60
\tabu@hleads=\box61
\tabu@vleads=\box62
\tabu@cellskip=\skip61
) (/opt/homebrew/Cellar/texlive/20250308_1/share/texmf-dist/tex/latex/fancyvrb/fancyvrb.sty
Package: fancyvrb 2024/01/20 4.5c verbatim text (tvz,hv)
 (/opt/homebrew/Cellar/texlive/20250308_1/share/texmf-dist/tex/latex/graphics/keyval.sty
Package: keyval 2022/05/29 v1.15 key=value parser (DPC)
\KV@toks@=\toks26
)
\FV@CodeLineNo=\count288
\FV@InFile=\read3
\FV@TabBox=\box63
\c@FancyVerbLine=\count289
\FV@StepNumber=\count290
\FV@OutFile=\write3
) (/opt/homebrew/Cellar/texlive/20250308_1/share/texmf-dist/tex/latex/tools/tabularx.sty
Package: tabularx 2023/12/11 v2.12a `tabularx' package (DPC)
\TX@col@width=\dimen158
\TX@old@table=\dimen159
\TX@old@col=\dimen160
\TX@target=\dimen161
\TX@delta=\dimen162
\TX@cols=\count291
\TX@ftn=\toks27
) (/opt/homebrew/Cellar/texlive/20250308_1/share/texmf-dist/tex/latex/tools/multicol.sty
Package: multicol 2024/09/14 v1.9i multicolumn formatting (FMi)
\c@tracingmulticols=\count292
\mult@box=\box64
\multicol@leftmargin=\dimen163
\c@unbalance=\count293
\c@collectmore=\count294
\doublecol@number=\count295
\multicoltolerance=\count296
\multicolpretolerance=\count297
\full@width=\dimen164
\page@free=\dimen165
\premulticols=\dimen166
\postmulticols=\dimen167
\multicolsep=\skip62
\multicolbaselineskip=\skip63
\partial@page=\box65
\last@line=\box66
\mc@boxedresult=\box67
\maxbalancingoverflow=\dimen168
\mult@rightbox=\box68
\mult@grightbox=\box69
\mult@firstbox=\box70
\mult@gfirstbox=\box71
\@tempa=\box72
\@tempa=\box73
\@tempa=\box74
\@tempa=\box75
\@tempa=\box76
\@tempa=\box77
\@tempa=\box78
\@tempa=\box79
\@tempa=\box80
\@tempa=\box81
\@tempa=\box82
\@tempa=\box83
\@tempa=\box84
\@tempa=\box85
\@tempa=\box86
\@tempa=\box87
\@tempa=\box88
\@tempa=\box89
\@tempa=\box90
\@tempa=\box91
\@tempa=\box92
\@tempa=\box93
\@tempa=\box94
\@tempa=\box95
\@tempa=\box96
\@tempa=\box97
\@tempa=\box98
\@tempa=\box99
\@tempa=\box100
\@tempa=\box101
\@tempa=\box102
\@tempa=\box103
\@tempa=\box104
\@tempa=\box105
\@tempa=\box106
\@tempa=\box107
\c@minrows=\count298
\c@columnbadness=\count299
\c@finalcolumnbadness=\count300
\last@try=\dimen169
\multicolovershoot=\dimen170
\multicolundershoot=\dimen171
\mult@nat@firstbox=\box108
\colbreak@box=\box109
\mc@col@check@num=\count301
) (/opt/homebrew/Cellar/texlive/20250308_1/share/texmf-dist/tex/latex/multirow/multirow.sty
Package: multirow 2024/11/12 v2.9 Span multiple rows of a table
\multirow@colwidth=\skip64
\multirow@cntb=\count302
\multirow@dima=\skip65
\bigstrutjot=\dimen172
) (/opt/homebrew/Cellar/texlive/20250308_1/share/texmf-dist/tex/latex/hanging/hanging.sty
Package: hanging 2009/09/02 v1.2b hanging paragraphs and punctuation
\h@ngcommawd=\skip66
\h@ngfstopwd=\skip67
\h@ngquotewd=\skip68
\h@ngdquotewd=\skip69
\h@ngquerywd=\skip70
\h@ngexclwd=\skip71
\h@ngcolonwd=\skip72
\h@ngscolonwd=\skip73
) (/opt/homebrew/Cellar/texlive/20250308_1/share/texmf-dist/tex/generic/iftex/ifpdf.sty
Package: ifpdf 2019/10/25 v3.4 ifpdf legacy package. Use iftex instead.
) (/opt/homebrew/Cellar/texlive/20250308_1/share/texmf-dist/tex/latex/adjustbox/adjustbox.sty
Package: adjustbox 2025/02/26 v1.3c Adjusting TeX boxes (trim, clip, ...)
 (/opt/homebrew/Cellar/texlive/20250308_1/share/texmf-dist/tex/latex/xkeyval/xkeyval.sty
Package: xkeyval 2022/06/16 v2.9 package option processing (HA)
 (/opt/homebrew/Cellar/texlive/20250308_1/share/texmf-dist/tex/generic/xkeyval/xkeyval.tex (/opt/homebrew/Cellar/texlive/20250308_1/share/texmf-dist/tex/generic/xkeyval/xkvutils.tex
\XKV@toks=\toks28
\XKV@tempa@toks=\toks29
)
\XKV@depth=\count303
File: xkeyval.tex 2014/12/03 v2.7a key=value parser (HA)
)) (/opt/homebrew/Cellar/texlive/20250308_1/share/texmf-dist/tex/latex/adjustbox/adjcalc.sty
Package: adjcalc 2012/05/16 v1.1 Provides advanced setlength with multiple back-ends (calc, etex, pgfmath)
) (/opt/homebrew/Cellar/texlive/20250308_1/share/texmf-dist/tex/latex/adjustbox/trimclip.sty
Package: trimclip 2025/02/21 v1.2a Trim and clip general TeX material
 (/opt/homebrew/Cellar/texlive/20250308_1/share/texmf-dist/tex/latex/graphics/graphicx.sty
Package: graphicx 2021/09/16 v1.2d Enhanced LaTeX Graphics (DPC,SPQR)
 (/opt/homebrew/Cellar/texlive/20250308_1/share/texmf-dist/tex/latex/graphics/graphics.sty
Package: graphics 2024/08/06 v1.4g Standard LaTeX Graphics (DPC,SPQR)
 (/opt/homebrew/Cellar/texlive/20250308_1/share/texmf-dist/tex/latex/graphics/trig.sty
Package: trig 2023/12/02 v1.11 sin cos tan (DPC)
) (/opt/homebrew/Cellar/texlive/20250308_1/share/texmf-dist/tex/latex/graphics-cfg/graphics.cfg
File: graphics.cfg 2016/06/04 v1.11 sample graphics configuration
)
Package graphics Info: Driver file: pdftex.def on input line 106.
)
\Gin@req@height=\dimen173
\Gin@req@width=\dimen174
) (/opt/homebrew/Cellar/texlive/20250308_1/share/texmf-dist/tex/latex/collectbox/collectbox.sty
Package: collectbox 2022/10/17 v0.4c Collect macro arguments as boxes
\collectedbox=\box110
)
\tc@llx=\dimen175
\tc@lly=\dimen176
\tc@urx=\dimen177
\tc@ury=\dimen178
Package trimclip Info: Using driver 'tc-pdftex.def'.
 (/opt/homebrew/Cellar/texlive/20250308_1/share/texmf-dist/tex/latex/adjustbox/tc-pdftex.def
File: tc-pdftex.def 2025/02/26 v2.3 Clipping driver for pdftex
))
\adjbox@Width=\dimen179
\adjbox@Height=\dimen180
\adjbox@Depth=\dimen181
\adjbox@Totalheight=\dimen182
\adjbox@pwidth=\dimen183
\adjbox@pheight=\dimen184
\adjbox@pdepth=\dimen185
\adjbox@ptotalheight=\dimen186
 (/opt/homebrew/Cellar/texlive/20250308_1/share/texmf-dist/tex/latex/ifoddpage/ifoddpage.sty
Package: ifoddpage 2022/10/18 v1.2 Conditionals for odd/even page detection
\c@checkoddpage=\count304
)) (/opt/homebrew/Cellar/texlive/20250308_1/share/texmf-dist/tex/latex/amsfonts/amssymb.sty
Package: amssymb 2013/01/14 v3.01 AMS font symbols
 (/opt/homebrew/Cellar/texlive/20250308_1/share/texmf-dist/tex/latex/amsfonts/amsfonts.sty
Package: amsfonts 2013/01/14 v3.01 Basic AMSFonts support
\@emptytoks=\toks30
\symAMSa=\mathgroup4
\symAMSb=\mathgroup5
LaTeX Font Info:    Redeclaring math symbol \hbar on input line 98.
LaTeX Font Info:    Overwriting math alphabet `\mathfrak' in version `bold'
(Font)                  U/euf/m/n --> U/euf/b/n on input line 106.
)) (/opt/homebrew/Cellar/texlive/20250308_1/share/texmf-dist/tex/latex/stackengine/stackengine.sty
Package: stackengine 2021/07/22 v4.11\ Stacking text and objects in convenient ways
 (/opt/homebrew/Cellar/texlive/20250308_1/share/texmf-dist/tex/latex/etoolbox/etoolbox.sty
Package: etoolbox 2025/02/11 v2.5l e-TeX tools for LaTeX (JAW)
\etb@tempcnta=\count305
) (/opt/homebrew/Cellar/texlive/20250308_1/share/texmf-dist/tex/generic/listofitems/listofitems.sty (/opt/homebrew/Cellar/texlive/20250308_1/share/texmf-dist/tex/generic/listofitems/listofitems.tex
\loi_cnt_foreach_nest=\count306
\loi_nestcnt=\count307
)
Package: listofitems 2024/03/09 v1.65 Grab items in lists using user-specified sep char (CT)
)
\c@@stackindex=\count308
\@boxshift=\skip74
\stack@tmplength=\skip75
\temp@stkl=\skip76
\@stackedboxwidth=\skip77
\@addedbox=\box111
\@anchorbox=\box112
\@insetbox=\box113
\se@backgroundbox=\box114
\stackedbox=\box115
\@centerbox=\box116
\c@ROWcellindex@=\count309
) (/opt/homebrew/Cellar/texlive/20250308_1/share/texmf-dist/tex/latex/enumitem/enumitem.sty
Package: enumitem 2025/02/06 v3.11 Customized lists
\labelindent=\skip78
\enit@outerparindent=\dimen187
\enit@toks=\toks31
\enit@inbox=\box117
\enit@count@id=\count310
\enitdp@description=\count311
) (/opt/homebrew/Cellar/texlive/20250308_1/share/texmf-dist/tex/generic/alphalph/alphalph.sty
Package: alphalph 2019/12/09 v2.6 Convert numbers to letters (HO)
 (/opt/homebrew/Cellar/texlive/20250308_1/share/texmf-dist/tex/generic/intcalc/intcalc.sty
Package: intcalc 2019/12/15 v1.3 Expandable calculations with integers (HO)
)) (/opt/homebrew/Cellar/texlive/20250308_1/share/texmf-dist/tex/generic/ulem/ulem.sty
\UL@box=\box118
\UL@hyphenbox=\box119
\UL@skip=\skip79
\UL@hook=\toks32
\UL@height=\dimen188
\UL@pe=\count312
\UL@pixel=\dimen189
\ULC@box=\box120
Package: ulem 2019/11/18
\ULdepth=\dimen190
)
\xrefbox=\box121
\xreflength=\skip80
\CodeWidthChar=\skip81
\CodeHeightChar=\skip82
\DoxyCodeWidth=\skip83
\c@DoxyEnumeratei=\count313
\c@DoxyEnumerateii=\count314
\c@DoxyEnumerateiii=\count315
\c@DoxyEnumerateiv=\count316
\c@DoxyEnumeratev=\count317
\c@DoxyEnumeratevi=\count318
\c@DoxyEnumeratevii=\count319
\c@DoxyEnumerateviii=\count320
\c@DoxyEnumerateix=\count321
\c@DoxyEnumeratex=\count322
\c@DoxyEnumeratexi=\count323
\c@DoxyEnumeratexii=\count324
\enitdp@DoxyEnumerate=\count325
\enitdp@DoxyItemize=\count326
\c@subsubsubsection=\count327
\c@subsubsubsubsection=\count328
\c@subsubsubsubsubsection=\count329
\c@subsubsubsubsubsubsection=\count330
) (/opt/homebrew/Cellar/texlive/20250308_1/share/texmf-dist/tex/latex/base/inputenc.sty
Package: inputenc 2024/02/08 v1.3d Input encoding file
\inpenc@prehook=\toks33
\inpenc@posthook=\toks34
) (/opt/homebrew/Cellar/texlive/20250308_1/share/texmf-dist/tex/latex/base/makeidx.sty
Package: makeidx 2021/10/04 v1.0m Standard LaTeX package
) (/opt/homebrew/Cellar/texlive/20250308_1/share/texmf-dist/tex/latex/base/textcomp.sty
Package: textcomp 2024/04/24 v2.1b Standard LaTeX package
) (/opt/homebrew/Cellar/texlive/20250308_1/share/texmf-dist/tex/latex/wasysym/wasysym.sty
Package: wasysym 2020/01/19 v2.4 Wasy-2 symbol support package
\symwasy=\mathgroup6
LaTeX Font Info:    Overwriting symbol font `wasy' in version `bold'
(Font)                  U/wasy/m/n --> U/wasy/b/n on input line 93.
) (/opt/homebrew/Cellar/texlive/20250308_1/share/texmf-dist/tex/generic/iftex/ifxetex.sty
Package: ifxetex 2019/10/25 v0.7 ifxetex legacy package. Use iftex instead.
) (/opt/homebrew/Cellar/texlive/20250308_1/share/texmf-dist/tex/latex/base/fontenc.sty
Package: fontenc 2021/04/29 v2.0v Standard LaTeX package
) (/opt/homebrew/Cellar/texlive/20250308_1/share/texmf-dist/tex/latex/psnfss/helvet.sty
Package: helvet 2020/03/25 PSNFSS-v9.3 (WaS) 
) (/opt/homebrew/Cellar/texlive/20250308_1/share/texmf-dist/tex/latex/psnfss/courier.sty
Package: courier 2020/03/25 PSNFSS-v9.3 (WaS) 
) (/opt/homebrew/Cellar/texlive/20250308_1/share/texmf-dist/tex/latex/geometry/geometry.sty
Package: geometry 2020/01/02 v5.9 Page Geometry
 (/opt/homebrew/Cellar/texlive/20250308_1/share/texmf-dist/tex/generic/iftex/ifvtex.sty
Package: ifvtex 2019/10/25 v1.7 ifvtex legacy package. Use iftex instead.
)
\Gm@cnth=\count331
\Gm@cntv=\count332
\c@Gm@tempcnt=\count333
\Gm@bindingoffset=\dimen191
\Gm@wd@mp=\dimen192
\Gm@odd@mp=\dimen193
\Gm@even@mp=\dimen194
\Gm@layoutwidth=\dimen195
\Gm@layoutheight=\dimen196
\Gm@layouthoffset=\dimen197
\Gm@layoutvoffset=\dimen198
\Gm@dimlist=\toks35
) (/opt/homebrew/Cellar/texlive/20250308_1/share/texmf-dist/tex/latex/changepage/changepage.sty
Package: changepage 2009/10/20 v1.0c check page and change page layout
\c@cp@cntr=\count334
\cp@tempcnt=\count335
LaTeX Info: Redefining \checkoddpage on input line 59.
) (/opt/homebrew/Cellar/texlive/20250308_1/share/texmf-dist/tex/latex/fancyhdr/fancyhdr.sty
Package: fancyhdr 2025/02/07 v5.2 Extensive control of page headers and footers
\f@nch@headwidth=\skip84
\f@nch@offset@elh=\skip85
\f@nch@offset@erh=\skip86
\f@nch@offset@olh=\skip87
\f@nch@offset@orh=\skip88
\f@nch@offset@elf=\skip89
\f@nch@offset@erf=\skip90
\f@nch@offset@olf=\skip91
\f@nch@offset@orf=\skip92
\f@nch@height=\skip93
\f@nch@footalignment=\skip94
\f@nch@widthL=\skip95
\f@nch@widthC=\skip96
\f@nch@widthR=\skip97
\@temptokenb=\toks36
) (/opt/homebrew/Cellar/texlive/20250308_1/share/texmf-dist/tex/latex/natbib/natbib.sty
Package: natbib 2010/09/13 8.31b (PWD, AO)
\bibhang=\skip98
\bibsep=\skip99
LaTeX Info: Redefining \cite on input line 694.
\c@NAT@ctr=\count336
) (/opt/homebrew/Cellar/texlive/20250308_1/share/texmf-dist/tex/latex/tocloft/tocloft.sty
Package: tocloft 2017/08/31 v2.3i parameterised ToC, etc., typesetting
Package tocloft Info: The document has chapter divisions on input line 51.
\cftparskip=\skip100
\cftbeforetoctitleskip=\skip101
\cftaftertoctitleskip=\skip102
\cftbeforepartskip=\skip103
\cftpartnumwidth=\skip104
\cftpartindent=\skip105
\cftbeforechapskip=\skip106
\cftchapindent=\skip107
\cftchapnumwidth=\skip108
\cftbeforesecskip=\skip109
\cftsecindent=\skip110
\cftsecnumwidth=\skip111
\cftbeforesubsecskip=\skip112
\cftsubsecindent=\skip113
\cftsubsecnumwidth=\skip114
\cftbeforesubsubsecskip=\skip115
\cftsubsubsecindent=\skip116
\cftsubsubsecnumwidth=\skip117
\cftbeforeparaskip=\skip118
\cftparaindent=\skip119
\cftparanumwidth=\skip120
\cftbeforesubparaskip=\skip121
\cftsubparaindent=\skip122
\cftsubparanumwidth=\skip123
\cftbeforeloftitleskip=\skip124
\cftafterloftitleskip=\skip125
\cftbeforefigskip=\skip126
\cftfigindent=\skip127
\cftfignumwidth=\skip128
\c@lofdepth=\count337
\c@lotdepth=\count338
\cftbeforelottitleskip=\skip129
\cftafterlottitleskip=\skip130
\cftbeforetabskip=\skip131
\cfttabindent=\skip132
\cfttabnumwidth=\skip133
)
\@indexfile=\write4
\openout4 = `refman.idx'.


Writing index file refman.idx
(/opt/homebrew/Cellar/texlive/20250308_1/share/texmf-dist/tex/latex/newunicodechar/newunicodechar.sty
Package: newunicodechar 2018/04/08 v1.2 Defining Unicode characters
) (/opt/homebrew/Cellar/texlive/20250308_1/share/texmf-dist/tex/latex/hyperref/hyperref.sty
Package: hyperref 2024-11-05 v7.01l Hypertext links for LaTeX
 (/opt/homebrew/Cellar/texlive/20250308_1/share/texmf-dist/tex/latex/kvsetkeys/kvsetkeys.sty
Package: kvsetkeys 2022-10-05 v1.19 Key value parser (HO)
) (/opt/homebrew/Cellar/texlive/20250308_1/share/texmf-dist/tex/generic/kvdefinekeys/kvdefinekeys.sty
Package: kvdefinekeys 2019-12-19 v1.6 Define keys (HO)
) (/opt/homebrew/Cellar/texlive/20250308_1/share/texmf-dist/tex/generic/pdfescape/pdfescape.sty
Package: pdfescape 2019/12/09 v1.15 Implements pdfTeX's escape features (HO)
 (/opt/homebrew/Cellar/texlive/20250308_1/share/texmf-dist/tex/generic/ltxcmds/ltxcmds.sty
Package: ltxcmds 2023-12-04 v1.26 LaTeX kernel commands for general use (HO)
) (/opt/homebrew/Cellar/texlive/20250308_1/share/texmf-dist/tex/generic/pdftexcmds/pdftexcmds.sty
Package: pdftexcmds 2020-06-27 v0.33 Utility functions of pdfTeX for LuaTeX (HO)
Package pdftexcmds Info: \pdf@primitive is available.
Package pdftexcmds Info: \pdf@ifprimitive is available.
Package pdftexcmds Info: \pdfdraftmode found.
)) (/opt/homebrew/Cellar/texlive/20250308_1/share/texmf-dist/tex/latex/hycolor/hycolor.sty
Package: hycolor 2020-01-27 v1.10 Color options for hyperref/bookmark (HO)
) (/opt/homebrew/Cellar/texlive/20250308_1/share/texmf-dist/tex/latex/hyperref/nameref.sty
Package: nameref 2023-11-26 v2.56 Cross-referencing by name of section
 (/opt/homebrew/Cellar/texlive/20250308_1/share/texmf-dist/tex/latex/refcount/refcount.sty
Package: refcount 2019/12/15 v3.6 Data extraction from label references (HO)
) (/opt/homebrew/Cellar/texlive/20250308_1/share/texmf-dist/tex/generic/gettitlestring/gettitlestring.sty
Package: gettitlestring 2019/12/15 v1.6 Cleanup title references (HO)
 (/opt/homebrew/Cellar/texlive/20250308_1/share/texmf-dist/tex/latex/kvoptions/kvoptions.sty
Package: kvoptions 2022-06-15 v3.15 Key value format for package options (HO)
))
\c@section@level=\count339
) (/opt/homebrew/Cellar/texlive/20250308_1/share/texmf-dist/tex/generic/stringenc/stringenc.sty
Package: stringenc 2019/11/29 v1.12 Convert strings between diff. encodings (HO)
)
\@linkdim=\dimen199
\Hy@linkcounter=\count340
\Hy@pagecounter=\count341
 (/opt/homebrew/Cellar/texlive/20250308_1/share/texmf-dist/tex/latex/hyperref/pd1enc.def
File: pd1enc.def 2024-11-05 v7.01l Hyperref: PDFDocEncoding definition (HO)
Now handling font encoding PD1 ...
... no UTF-8 mapping file for font encoding PD1
)
\Hy@SavedSpaceFactor=\count342
 (/opt/homebrew/Cellar/texlive/20250308_1/share/texmf-dist/tex/latex/hyperref/puenc.def
File: puenc.def 2024-11-05 v7.01l Hyperref: PDF Unicode definition (HO)
Now handling font encoding PU ...
... no UTF-8 mapping file for font encoding PU
)
Package hyperref Info: Hyper figures OFF on input line 4157.
Package hyperref Info: Link nesting OFF on input line 4162.
Package hyperref Info: Hyper index ON on input line 4165.
Package hyperref Info: Plain pages OFF on input line 4172.
Package hyperref Info: Backreferencing ON on input line 4175.
Package hyperref Info: Implicit mode ON; LaTeX internals redefined.
Package hyperref Info: Bookmarks ON on input line 4424.
 (/opt/homebrew/Cellar/texlive/20250308_1/share/texmf-dist/tex/latex/hyperref/backref.sty
Package: backref 2023-11-26 v1.44 Bibliographical back referencing
 (/opt/homebrew/Cellar/texlive/20250308_1/share/texmf-dist/tex/latex/rerunfilecheck/rerunfilecheck.sty
Package: rerunfilecheck 2022-07-10 v1.10 Rerun checks for auxiliary files (HO)
 (/opt/homebrew/Cellar/texlive/20250308_1/share/texmf-dist/tex/latex/base/atveryend-ltx.sty
Package: atveryend-ltx 2020/08/19 v1.0a Emulation of the original atveryend package
with kernel methods
) (/opt/homebrew/Cellar/texlive/20250308_1/share/texmf-dist/tex/generic/uniquecounter/uniquecounter.sty
Package: uniquecounter 2019/12/15 v1.4 Provide unlimited unique counter (HO)
 (/opt/homebrew/Cellar/texlive/20250308_1/share/texmf-dist/tex/generic/bigintcalc/bigintcalc.sty
Package: bigintcalc 2019/12/15 v1.5 Expandable calculations on big integers (HO)
))
Package uniquecounter Info: New unique counter `rerunfilecheck' on input line 285.
))
\c@Hy@tempcnt=\count343
 (/opt/homebrew/Cellar/texlive/20250308_1/share/texmf-dist/tex/latex/url/url.sty
\Urlmuskip=\muskip17
Package: url 2013/09/16  ver 3.4  Verb mode for urls, etc.
)
LaTeX Info: Redefining \url on input line 4763.
\XeTeXLinkMargin=\dimen256
 (/opt/homebrew/Cellar/texlive/20250308_1/share/texmf-dist/tex/generic/bitset/bitset.sty
Package: bitset 2019/12/09 v1.3 Handle bit-vector datatype (HO)
)
\Fld@menulength=\count344
\Field@Width=\dimen257
\Fld@charsize=\dimen258
Package hyperref Info: Hyper figures OFF on input line 6042.
Package hyperref Info: Link nesting OFF on input line 6047.
Package hyperref Info: Hyper index ON on input line 6050.
Package hyperref Info: backreferencing ON on input line 6055.
Package hyperref Info: Link coloring OFF on input line 6062.
Package hyperref Info: Link coloring with OCG OFF on input line 6067.
Package hyperref Info: PDF/A mode OFF on input line 6072.
 (/opt/homebrew/Cellar/texlive/20250308_1/share/texmf-dist/tex/latex/base/atbegshi-ltx.sty
Package: atbegshi-ltx 2021/01/10 v1.0c Emulation of the original atbegshi
package with kernel methods
)
\Hy@abspage=\count345
\c@Item=\count346
\c@Hfootnote=\count347
)
Package hyperref Info: Driver: hpdftex.
 (/opt/homebrew/Cellar/texlive/20250308_1/share/texmf-dist/tex/latex/hyperref/hpdftex.def
File: hpdftex.def 2024-11-05 v7.01l Hyperref driver for pdfTeX
\Fld@listcount=\count348
\c@bookmark@seq@number=\count349
\Hy@SectionHShift=\skip134
)
Package hyperref Info: Option `colorlinks' set `true' on input line 187.
Package hyperref Info: Option `unicode' set `true' on input line 187.
 (/opt/homebrew/Cellar/texlive/20250308_1/share/texmf-dist/tex/latex/caption/caption.sty
Package: caption 2023/08/05 v3.6o Customizing captions (AR)
 (/opt/homebrew/Cellar/texlive/20250308_1/share/texmf-dist/tex/latex/caption/caption3.sty
Package: caption3 2023/07/31 v2.4d caption3 kernel (AR)
\caption@tempdima=\dimen259
\captionmargin=\dimen260
\caption@leftmargin=\dimen261
\caption@rightmargin=\dimen262
\caption@width=\dimen263
\caption@indent=\dimen264
\caption@parindent=\dimen265
\caption@hangindent=\dimen266
Package caption Info: Standard document class detected.
)
\c@caption@flags=\count350
\c@continuedfloat=\count351
Package caption Info: changepage package is loaded.
\caption@adjustwidth@hsize=\dimen267
\caption@adjustwidth@linewidth=\dimen268
Package caption Info: float package is loaded.
Package caption Info: hyperref package is loaded.
Package caption Info: longtable package is loaded.
 (/opt/homebrew/Cellar/texlive/20250308_1/share/texmf-dist/tex/latex/caption/ltcaption.sty
Package: ltcaption 2021/01/08 v1.4c longtable captions (AR)
)) (/opt/homebrew/Cellar/texlive/20250308_1/share/texmf-dist/tex/latex/etoc/etoc.sty
Package: etoc 2023/10/29 v1.2d Completely customisable TOCs (JFB)
\Etoc@toctoks=\toks37
\c@etoc@tocid=\count352
\etoc@framed@titlebox=\box122
\etoc@framed@contentsbox=\box123
)
LaTeX Font Info:    Trying to load font information for T1+phv on input line 209.
 (/opt/homebrew/Cellar/texlive/20250308_1/share/texmf-dist/tex/latex/psnfss/t1phv.fd
File: t1phv.fd 2020/03/25 scalable font definitions for T1/phv.
)
LaTeX Font Info:    Font shape `T1/phv/m/n' will be
(Font)              scaled to size 8.99994pt on input line 209.
 (/opt/homebrew/Cellar/texlive/20250308_1/share/texmf-dist/tex/latex/l3backend/l3backend-pdftex.def
File: l3backend-pdftex.def 2024-05-08 L3 backend support: PDF output (pdfTeX)
\l__color_backend_stack_int=\count353
\l__pdf_internal_box=\box124
)
No file refman.aux.
\openout1 = `refman.aux'.

LaTeX Font Info:    Checking defaults for OML/cmm/m/it on input line 209.
LaTeX Font Info:    ... okay on input line 209.
LaTeX Font Info:    Checking defaults for OMS/cmsy/m/n on input line 209.
LaTeX Font Info:    ... okay on input line 209.
LaTeX Font Info:    Checking defaults for OT1/cmr/m/n on input line 209.
LaTeX Font Info:    ... okay on input line 209.
LaTeX Font Info:    Checking defaults for T1/cmr/m/n on input line 209.
LaTeX Font Info:    ... okay on input line 209.
LaTeX Font Info:    Checking defaults for TS1/cmr/m/n on input line 209.
LaTeX Font Info:    ... okay on input line 209.
LaTeX Font Info:    Checking defaults for OMX/cmex/m/n on input line 209.
LaTeX Font Info:    ... okay on input line 209.
LaTeX Font Info:    Checking defaults for U/cmr/m/n on input line 209.
LaTeX Font Info:    ... okay on input line 209.
LaTeX Font Info:    Checking defaults for PD1/pdf/m/n on input line 209.
LaTeX Font Info:    ... okay on input line 209.
LaTeX Font Info:    Checking defaults for PU/pdf/m/n on input line 209.
LaTeX Font Info:    ... okay on input line 209.
(/opt/homebrew/Cellar/texlive/20250308_1/share/texmf-dist/tex/context/base/mkii/supp-pdf.mkii
[Loading MPS to PDF converter (version 2006.09.02).]
\scratchcounter=\count354
\scratchdimen=\dimen269
\scratchbox=\box125
\nofMPsegments=\count355
\nofMParguments=\count356
\everyMPshowfont=\toks38
\MPscratchCnt=\count357
\MPscratchDim=\dimen270
\MPnumerator=\count358
\makeMPintoPDFobject=\count359
\everyMPtoPDFconversion=\toks39
) (/opt/homebrew/Cellar/texlive/20250308_1/share/texmf-dist/tex/latex/epstopdf-pkg/epstopdf-base.sty
Package: epstopdf-base 2020-01-24 v2.11 Base part for package epstopdf
Package epstopdf-base Info: Redefining graphics rule for `.eps' on input line 485.
 (/opt/homebrew/Cellar/texlive/20250308_1/share/texmf-dist/tex/latex/latexconfig/epstopdf-sys.cfg
File: epstopdf-sys.cfg 2010/07/13 v1.3 Configuration of (r)epstopdf for TeX Live
))
*geometry* driver: auto-detecting
*geometry* detected driver: pdftex
*geometry* verbose mode - [ preamble ] result:
* driver: pdftex
* paper: a4paper
* layout: <same size as paper>
* layoutoffset:(h,v)=(0.0pt,0.0pt)
* modes: twoside 
* h-part:(L,W,R)=(71.13188pt, 455.24411pt, 71.13188pt)
* v-part:(T,H,B)=(71.13188pt, 702.78308pt, 71.13188pt)
* \paperwidth=597.50787pt
* \paperheight=845.04684pt
* \textwidth=455.24411pt
* \textheight=702.78308pt
* \oddsidemargin=-1.1381pt
* \evensidemargin=-1.1381pt
* \topmargin=-31.2056pt
* \headheight=12.0pt
* \headsep=18.06749pt
* \topskip=10.0pt
* \footskip=25.29494pt
* \marginparwidth=125.0pt
* \marginparsep=7.0pt
* \columnsep=10.0pt
* \skip\footins=9.0pt plus 4.0pt minus 2.0pt
* \hoffset=0.0pt
* \voffset=0.0pt
* \mag=1000
* \@twocolumnfalse
* \@twosidetrue
* \@mparswitchtrue
* \@reversemarginfalse
* (1in=72.27pt=25.4mm, 1cm=28.453pt)

Package backref Info: ** backref set up for natbib ** on input line 209.
Package hyperref Info: Link coloring ON on input line 209.
\@outlinefile=\write5
\openout5 = `refman.out'.

Package caption Info: Begin \AtBeginDocument code.
Package caption Info: End \AtBeginDocument code.
No file refman.toc.
Package hyperref Info: Option `pageanchor' set `false' on input line 217.
Package hyperref Info: Option `bookmarksnumbered' set `true' on input line 217.
Package hyperref Info: Option `unicode' set `true' on input line 217.
LaTeX Font Info:    Font shape `T1/phv/m/n' will be
(Font)              scaled to size 12.9599pt on input line 222.
LaTeX Font Info:    Font shape `T1/phv/m/n' will be
(Font)              scaled to size 6.29996pt on input line 222.
LaTeX Font Info:    Trying to load font information for U+msa on input line 222.
(/opt/homebrew/Cellar/texlive/20250308_1/share/texmf-dist/tex/latex/amsfonts/umsa.fd
File: umsa.fd 2013/01/14 v3.01 AMS symbols A
)
LaTeX Font Info:    Trying to load font information for U+msb on input line 222.
 (/opt/homebrew/Cellar/texlive/20250308_1/share/texmf-dist/tex/latex/amsfonts/umsb.fd
File: umsb.fd 2013/01/14 v3.01 AMS symbols B
)
LaTeX Font Info:    Trying to load font information for U+wasy on input line 222.
 (/opt/homebrew/Cellar/texlive/20250308_1/share/texmf-dist/tex/latex/wasysym/uwasy.fd
File: uwasy.fd 2020/01/19 v2.4 Wasy-2 symbol font definitions
)
LaTeX Font Info:    Font shape `T1/phv/m/n' will be
(Font)              scaled to size 10.79993pt on input line 223.


[1


{/Users/stanleyfungleongfan/.texlive2025/texmf-var/fonts/map/pdftex/updmap/pdftex.map}{/opt/homebrew/Cellar/texlive/20250308_1/share/texmf-dist/fonts/enc/dvips/base/8r.enc}]

[2

]
\tf@toc=\write6
\openout6 = `refman.toc'.

Package hyperref Info: Option `pageanchor' set `true' on input line 234.

Chapter 1.
LaTeX Font Info:    Font shape `T1/phv/m/n' will be
(Font)              scaled to size 18.66588pt on input line 236.
LaTeX Font Info:    Font shape `T1/phv/b/n' will be
(Font)              scaled to size 18.66588pt on input line 236.
LaTeX Font Info:    Font shape `T1/phv/b/n' will be
(Font)              scaled to size 22.39185pt on input line 236.
(./namespaces.tex
LaTeX Font Info:    Font shape `T1/phv/b/n' will be
(Font)              scaled to size 12.9599pt on input line 1.
LaTeX Font Info:    Font shape `T1/phv/b/n' will be
(Font)              scaled to size 8.99994pt on input line 3.


LaTeX Warning: Reference `namespacecomppare' on page 1 undefined on input line 3.


LaTeX Warning: Reference `namespacecomppare_1_1internal' on page 1 undefined on input line 4.


LaTeX Warning: Reference `namespacecomppare_1_1internal_1_1ansi' on page 1 undefined on input line 5.


LaTeX Warning: Reference `namespacecomppare_1_1internal_1_1concepts' on page 1 undefined on input line 6.


LaTeX Warning: Reference `namespacecomppare_1_1internal_1_1helper' on page 1 undefined on input line 7.


LaTeX Warning: Reference `namespacecomppare_1_1internal_1_1policy' on page 1 undefined on input line 8.


LaTeX Warning: Reference `namespacecomppare_1_1internal_1_1policy_1_1autopolicy' on page 1 undefined on input line 9.


LaTeX Warning: Reference `namespacecomppare_1_1plugin' on page 1 undefined on input line 10.

)

LaTeX Font Info:    Font shape `T1/phv/b/n' will be
(Font)              scaled to size 6.29996pt on input line 238.
[1


]

[2

]
Chapter 2.
(./concepts.tex

LaTeX Warning: Reference `conceptcomppare_1_1internal_1_1concepts_1_1_arithmetic' on page 3 undefined on input line 3.


LaTeX Warning: Reference `conceptcomppare_1_1internal_1_1concepts_1_1_floating_point' on page 3 undefined on input line 4.


LaTeX Warning: Reference `conceptcomppare_1_1internal_1_1concepts_1_1_integral' on page 3 undefined on input line 5.


LaTeX Warning: Reference `conceptcomppare_1_1internal_1_1concepts_1_1_range_of_arithmetic' on page 3 undefined on input line 6.


LaTeX Warning: Reference `conceptcomppare_1_1internal_1_1concepts_1_1_streamable' on page 3 undefined on input line 7.


LaTeX Warning: Reference `conceptcomppare_1_1internal_1_1concepts_1_1_string' on page 3 undefined on input line 8.


LaTeX Warning: Reference `conceptcomppare_1_1internal_1_1concepts_1_1_void' on page 3 undefined on input line 9.


LaTeX Warning: Reference `conceptcomppare_1_1internal_1_1policy_1_1autopolicy_1_1_supported_by_auto_policy' on page 3 undefined on input line 10.


LaTeX Warning: Reference `conceptcomppare_1_1internal_1_1policy_1_1_error_policy' on page 3 undefined on input line 11.


LaTeX Warning: Reference `conceptcomppare_1_1internal_1_1policy_1_1_metric_value_spec' on page 3 undefined on input line 12.


LaTeX Warning: Reference `conceptcomppare_1_1_out_spec' on page 3 undefined on input line 13.


LaTeX Warning: Reference `conceptcomppare_1_1plugin_1_1_valid_plugin' on page 3 undefined on input line 14.

)

[3]

[4

]
Chapter 3.
(./hierarchy.tex

LaTeX Warning: Reference `classcomppare_1_1internal_1_1ansi_1_1_ansi_wrapper' on page 5 undefined on input line 3.


LaTeX Warning: Reference `classcomppare_1_1internal_1_1policy_1_1autopolicy_1_1_arithmetic_error_policy' on page 5 undefined on input line 4.


LaTeX Warning: Reference `structcomppare_1_1internal_1_1policy_1_1autopolicy_1_1_auto_policy' on page 5 undefined on input line 5.


LaTeX Warning: Reference `structcomppare_1_1internal_1_1policy_1_1autopolicy_1_1_auto_policy_3_01_t_01_4' on page 5 undefined on input line 6.


LaTeX Warning: Reference `classcomppare_1_1config' on page 5 undefined on input line 7.


LaTeX Warning: Reference `classcomppare_1_1current__state' on page 5 undefined on input line 8.


LaTeX Warning: Reference `structcomppare_1_1internal_1_1policy_1_1is__metric__value_3_01_metric_value_3_01_u_01_4_01_4' on page 5 undefined on input line 10.


LaTeX Warning: Reference `structcomppare_1_1internal_1_1policy_1_1is__metric__value' on page 5 undefined on input line 11.


LaTeX Warning: Reference `structcomppare_1_1_input_context_1_1_output_context_1_1_impl' on page 5 undefined on input line 13.


LaTeX Warning: Reference `classcomppare_1_1_input_context' on page 5 undefined on input line 14.


LaTeX Warning: Reference `classcomppare_1_1internal_1_1policy_1_1_metric_value' on page 5 undefined on input line 15.


LaTeX Warning: Reference `classcomppare_1_1_input_context_1_1_output_context' on page 5 undefined on input line 16.


LaTeX Warning: Reference `classcomppare_1_1plugin_1_1_plugin' on page 5 undefined on input line 17.


LaTeX Warning: Reference `classcomppare_1_1plugin_1_1_plugin_arg_parser' on page 5 undefined on input line 18.


LaTeX Warning: Reference `classcomppare_1_1internal_1_1policy_1_1autopolicy_1_1_range_error_policy' on page 5 undefined on input line 19.


LaTeX Warning: Reference `structcomppare_1_1spec' on page 5 undefined on input line 20.


LaTeX Warning: Reference `structcomppare_1_1spec_3_01spec_3_01_value_00_01_policy_01_4_00_01void_01_4' on page 5 undefined on input line 21.


LaTeX Warning: Reference `structcomppare_1_1spec_3_01_value_00_01void_01_4' on page 5 undefined on input line 22.


LaTeX Warning: Reference `classcomppare_1_1internal_1_1policy_1_1autopolicy_1_1_string_equal_policy' on page 5 undefined on input line 23.


LaTeX Warning: Reference `structcomppare_1_1internal_1_1policy_1_1is__metric__value_3_01_metric_value_3_01_u_01_4_01_4' on page 5 undefined on input line 25.

)

[5]

[6

]
Chapter 4.
(./annotated.tex

LaTeX Warning: Reference `classcomppare_1_1internal_1_1ansi_1_1_ansi_wrapper' on page 7 undefined on input line 3.


LaTeX Warning: Reference `classcomppare_1_1internal_1_1policy_1_1autopolicy_1_1_arithmetic_error_policy' on page 7 undefined on input line 4.


LaTeX Warning: Reference `structcomppare_1_1internal_1_1policy_1_1autopolicy_1_1_auto_policy' on page 7 undefined on input line 5.


LaTeX Warning: Reference `structcomppare_1_1internal_1_1policy_1_1autopolicy_1_1_auto_policy_3_01_t_01_4' on page 7 undefined on input line 6.


LaTeX Warning: Reference `classcomppare_1_1config' on page 7 undefined on input line 7.


LaTeX Warning: Reference `classcomppare_1_1current__state' on page 7 undefined on input line 8.


LaTeX Warning: Reference `structcomppare_1_1_input_context_1_1_output_context_1_1_impl' on page 7 undefined on input line 9.


LaTeX Warning: Reference `classcomppare_1_1_input_context' on page 7 undefined on input line 10.


LaTeX Warning: Reference `structcomppare_1_1internal_1_1policy_1_1is__metric__value' on page 7 undefined on input line 11.


LaTeX Warning: Reference `structcomppare_1_1internal_1_1policy_1_1is__metric__value_3_01_metric_value_3_01_u_01_4_01_4' on page 7 undefined on input line 12.


LaTeX Warning: Reference `classcomppare_1_1internal_1_1policy_1_1_metric_value' on page 7 undefined on input line 13.


LaTeX Warning: Reference `classcomppare_1_1_input_context_1_1_output_context' on page 7 undefined on input line 14.


LaTeX Warning: Reference `classcomppare_1_1plugin_1_1_plugin' on page 7 undefined on input line 15.


LaTeX Warning: Reference `classcomppare_1_1plugin_1_1_plugin_arg_parser' on page 7 undefined on input line 16.


LaTeX Warning: Reference `classcomppare_1_1internal_1_1policy_1_1autopolicy_1_1_range_error_policy' on page 7 undefined on input line 17.


LaTeX Warning: Reference `structcomppare_1_1spec' on page 7 undefined on input line 18.


LaTeX Warning: Reference `structcomppare_1_1spec_3_01spec_3_01_value_00_01_policy_01_4_00_01void_01_4' on page 7 undefined on input line 19.


LaTeX Warning: Reference `structcomppare_1_1spec_3_01_value_00_01void_01_4' on page 7 undefined on input line 20.


LaTeX Warning: Reference `classcomppare_1_1internal_1_1policy_1_1autopolicy_1_1_string_equal_policy' on page 7 undefined on input line 21.

)

[7]

[8

]
Chapter 5.
(./files.tex

LaTeX Warning: Reference `comppare_8hpp' on page 9 undefined on input line 3.


LaTeX Warning: Reference `ansi_8hpp' on page 9 undefined on input line 4.


LaTeX Warning: Reference `concepts_8hpp' on page 9 undefined on input line 5.


LaTeX Warning: Reference `config_8hpp' on page 9 undefined on input line 6.


LaTeX Warning: Reference `helper_8hpp' on page 9 undefined on input line 7.


LaTeX Warning: Reference `policy_8hpp' on page 9 undefined on input line 8.


LaTeX Warning: Reference `plugin_8hpp' on page 9 undefined on input line 9.


LaTeX Warning: Reference `google__benchmark_8hpp' on page 9 undefined on input line 10.


LaTeX Warning: Reference `nvbench_8hpp' on page 9 undefined on input line 11.

)

[9]

[10

]
Chapter 6.
(./namespacecomppare.tex
LaTeX Font Info:    Trying to load font information for TS1+phv on input line 11.
 (/opt/homebrew/Cellar/texlive/20250308_1/share/texmf-dist/tex/latex/psnfss/ts1phv.fd
File: ts1phv.fd 2020/03/25 scalable font definitions for TS1/phv.
)
LaTeX Font Info:    Font shape `TS1/phv/m/n' will be
(Font)              scaled to size 8.99994pt on input line 11.
LaTeX Font Info:    Font shape `T1/phv/m/n' will be
(Font)              scaled to size 8.09995pt on input line 23.
LaTeX Font Info:    Font shape `T1/phv/m/it' in size <9> not available
(Font)              Font shape `T1/phv/m/sl' tried instead on input line 23.
LaTeX Font Info:    Font shape `T1/phv/m/sl' will be
(Font)              scaled to size 8.09995pt on input line 23.
LaTeX Font Info:    Font shape `T1/phv/m/it' in size <7> not available
(Font)              Font shape `T1/phv/m/sl' tried instead on input line 23.
LaTeX Font Info:    Font shape `T1/phv/m/sl' will be
(Font)              scaled to size 6.29996pt on input line 23.
LaTeX Font Info:    Font shape `T1/phv/m/n' will be
(Font)              scaled to size 7.19995pt on input line 40.
LaTeX Font Info:    Font shape `T1/phv/b/n' will be
(Font)              scaled to size 10.79993pt on input line 55.


[11]
LaTeX Font Info:    Trying to load font information for T1+pcr on input line 64.
 (/opt/homebrew/Cellar/texlive/20250308_1/share/texmf-dist/tex/latex/psnfss/t1pcr.fd
File: t1pcr.fd 2001/06/04 font definitions for T1/pcr.
)
LaTeX Font Info:    Font shape `T1/phv/b/n' will be
(Font)              scaled to size 7.19995pt on input line 81.
LaTeX Font Info:    Font shape `T1/pcr/m/it' in size <8> not available
(Font)              Font shape `T1/pcr/m/sl' tried instead on input line 84.


Package longtable Warning: Column widths have changed
(longtable)                in table 6.1 on input line 94.


Package longtable Warning: Column widths have changed
(longtable)                in table 6.2 on input line 99.


./namespacecomppare.tex:100: LaTeX Error: Unicode character   (U+202F)
               not set up for use with LaTeX.

See the LaTeX manual or LaTeX Companion for explanation.
Type  H <return>  for immediate help.
 ...                                              
                                                  
l.100 ...Not\+Optimize(), licensed under Apache 
                                                  2.0. No changes have been ...
You may provide a definition with
\DeclareUnicodeCharacter 


Underfull \hbox (badness 2452) in paragraph at lines 100--102
[]\T1/phv/m/n/10 This im-ple-men-ta-tion is ver-ba-tim from Google Bench-mark's benchmark[]::[]Do[]Not[]Optimize(), li-censed un-der
 []



[12]

[13]

Package longtable Warning: Column widths have changed
(longtable)                in table 6.3 on input line 115.


Package longtable Warning: Column widths have changed
(longtable)                in table 6.4 on input line 120.


./namespacecomppare.tex:121: LaTeX Error: Unicode character   (U+202F)
               not set up for use with LaTeX.

See the LaTeX manual or LaTeX Companion for explanation.
Type  H <return>  for immediate help.
 ...                                              
                                                  
l.121 ...Not\+Optimize(), licensed under Apache 
                                                  2.0. No changes have been ...
You may provide a definition with
\DeclareUnicodeCharacter 


Underfull \hbox (badness 2452) in paragraph at lines 121--123
[]\T1/phv/m/n/10 This im-ple-men-ta-tion is ver-ba-tim from Google Bench-mark's benchmark[]::[]Do[]Not[]Optimize(), li-censed un-der
 []


Package longtable Warning: Column widths have changed
(longtable)                in table 6.5 on input line 136.


Package longtable Warning: Column widths have changed
(longtable)                in table 6.6 on input line 141.


./namespacecomppare.tex:142: LaTeX Error: Unicode character   (U+202F)
               not set up for use with LaTeX.

See the LaTeX manual or LaTeX Companion for explanation.
Type  H <return>  for immediate help.
 ...                                              
                                                  
l.142 ...Not\+Optimize(), licensed under Apache 
                                                  2.0. No changes have been ...
You may provide a definition with
\DeclareUnicodeCharacter 

) (./namespacecomppare_1_1internal.tex
Underfull \hbox (badness 2452) in paragraph at lines 142--1
[]\T1/phv/m/n/10 This im-ple-men-ta-tion is ver-ba-tim from Google Bench-mark's benchmark[]::[]Do[]Not[]Optimize(), li-censed un-der
 []

) (./namespacecomppare_1_1internal_1_1ansi.tex

[14]

[15]

[16]

[17]

[18]

[19]

[20]) (./namespacecomppare_1_1internal_1_1concepts.tex

[21]) (./namespacecomppare_1_1internal_1_1helper.tex
LaTeX Font Info:    Font shape `T1/pcr/m/it' in size <7> not available
(Font)              Font shape `T1/pcr/m/sl' tried instead on input line 20.
) (./namespacecomppare_1_1internal_1_1policy.tex

[22]

[23]
Underfull \hbox (badness 10000) in paragraph at lines 82--84
\T1/pcr/m/n/8 bool comppare[]::internal[]::policy[]::is[]_[]metric[]_[]value[]_[]v = []$\OML/cmm/m/it/8 <$\T1/pcr/m/n/8 std[]::remove[]_[]cv[]_[]t$\OML/cmm/m/it/8 <$\T1/pcr/m/n/8 M$\OML/cmm/m/it/8 >$$>$[]
 []

) (./namespacecomppare_1_1internal_1_1policy_1_1autopolicy.tex) (./namespacecomppare_1_1plugin.tex

[24])

[25]

[26

]
Chapter 7.
(./conceptcomppare_1_1internal_1_1concepts_1_1_arithmetic.tex) (./conceptcomppare_1_1internal_1_1concepts_1_1_floating_point.tex) (./conceptcomppare_1_1internal_1_1concepts_1_1_integral.tex) (./conceptcomppare_1_1internal_1_1concepts_1_1_range_of_arithmetic.tex) (./conceptcomppare_1_1internal_1_1concepts_1_1_streamable.tex

[27]) (./conceptcomppare_1_1internal_1_1concepts_1_1_string.tex) (./conceptcomppare_1_1internal_1_1concepts_1_1_void.tex) (./conceptcomppare_1_1internal_1_1policy_1_1autopolicy_1_1_supported_by_auto_policy.tex) (./conceptcomppare_1_1internal_1_1policy_1_1_error_policy.tex

[28]) (./conceptcomppare_1_1internal_1_1policy_1_1_metric_value_spec.tex) (./conceptcomppare_1_1_out_spec.tex) (./conceptcomppare_1_1plugin_1_1_valid_plugin.tex)

[29]

[30

]
Chapter 8.
(./classcomppare_1_1internal_1_1ansi_1_1_ansi_wrapper.tex

[31]) (./classcomppare_1_1internal_1_1policy_1_1autopolicy_1_1_arithmetic_error_policy.tex

[32]
Underfull \hbox (badness 10000) in paragraph at lines 53--55
\T1/pcr/m/n/8 bool []$\OML/cmm/m/it/8 <$ \T1/pcr/m/n/8 T $\OML/cmm/m/it/8 >$[]\T1/pcr/m/n/8 ::is[]_[]fail () const
 []


Underfull \hbox (badness 10000) in paragraph at lines 67--69
\T1/pcr/m/n/8 constexpr std[]::size[]_[]t []$\OML/cmm/m/it/8 <$ \T1/pcr/m/n/8 T $\OML/cmm/m/it/8 >$[]
 []


Underfull \hbox (badness 10000) in paragraph at lines 74--76
\T1/pcr/m/n/8 constexpr std[]::string[]_[]view []$\OML/cmm/m/it/8 <$ \T1/pcr/m/n/8 T
 []


Underfull \hbox (badness 10000) in paragraph at lines 86--88
\T1/pcr/m/n/8 std[]::string []$\OML/cmm/m/it/8 <$ \T1/pcr/m/n/8 T $\OML/cmm/m/it/8 >$[]\T1/pcr/m/n/8 ::err[]_[]msg[]_[]
 []



[33]
Overfull \hbox (18.70088pt too wide) in paragraph at lines 100--102
\T1/pcr/m/n/8 std[]::array []$\OML/cmm/m/it/8 <$ \T1/pcr/m/n/8 T $\OML/cmm/m/it/8 >$[]\T1/pcr/m/n/8 ::names {"Total$\OMS/cmsy/m/n/8 j$\T1/pcr/m/n/8 err$\OMS/cmsy/m/n/8 j$\T1/pcr/m/n/8 "}
 []

) (./structcomppare_1_1internal_1_1policy_1_1autopolicy_1_1_auto_policy.tex) (./structcomppare_1_1internal_1_1policy_1_1autopolicy_1_1_auto_policy_3_01_t_01_4.tex
Overfull \hbox (15.1713pt too wide) in paragraph at lines 25--27
\T1/pcr/m/n/8 using []$\OML/cmm/m/it/8 <$ \T1/pcr/m/n/8 T $\OML/cmm/m/it/8 >$[]\T1/pcr/m/n/8 ::type = []$\OML/cmm/m/it/8 <$\T1/pcr/m/n/8 std[]
 []



[34]) (./classcomppare_1_1config.tex

[35]

[36]

[37]

[38]

[39]

[40]) (./classcomppare_1_1current__state.tex

[41]

[42]) (./structcomppare_1_1_input_context_1_1_output_context_1_1_impl.tex

[43]
Underfull \hbox (badness 10000) in paragraph at lines 52--57
\T1/pcr/m/n/8 decltype(auto) []$\OML/cmm/m/it/8 <$ \T1/pcr/m/n/8 Inputs $\OML/cmm/m/it/8 >$[]$<$ \T1/pcr/m/n/8 Specs $\OML/cmm/m/it/8 >$[]\T1/pcr/m/n/8 ::[]Impl[]::attach ()
 []


Package longtable Warning: Column widths have changed
(longtable)                in table 8.1 on input line 66.


Underfull \hbox (badness 10000) detected at line 67
[][][]
 []



[44]
Underfull \hbox (badness 10000) in paragraph at lines 111--114
\T1/pcr/m/n/8 std[]::unique[]_[]ptr$\OML/cmm/m/it/8 <$[]$>$ []$<$ \T1/pcr/m/n/8 Inputs $\OML/cmm/m/it/8 >$[]$<$ \T1/pcr/m/n/8 Specs $\OML/cmm/m/it/8 >$[]\T1/pcr/m/n/8 ::[]Impl[]
 []

) (./classcomppare_1_1_input_context.tex

[45]

Package longtable Warning: Column widths have changed
(longtable)                in table 8.2 on input line 28.

) (./structcomppare_1_1internal_1_1policy_1_1is__metric__value.tex <./structcomppare_1_1internal_1_1policy_1_1is__metric__value.pdf>
<structcomppare_1_1internal_1_1policy_1_1is__metric__value.pdf, id=1047, 501.875pt x 119.49644pt>
File: structcomppare_1_1internal_1_1policy_1_1is__metric__value.pdf Graphic file (type pdf)
<use structcomppare_1_1internal_1_1policy_1_1is__metric__value.pdf>
Package pdftex.def Info: structcomppare_1_1internal_1_1policy_1_1is__metric__value.pdf  used on input line 10.
(pdftex.def)             Requested size: 238.99808pt x 56.9055pt.
) (./structcomppare_1_1internal_1_1policy_1_1is__metric__value_3_01_metric_value_3_01_u_01_4_01_4.tex <./structcomppare_1_1internal_1_1policy_1_1is__metric__value_3_01_metric_value_3_01_u_01_4_01_4.pdf>
<structcomppare_1_1internal_1_1policy_1_1is__metric__value_3_01_metric_value_3_01_u_01_4_01_4.pdf, id=1055, 501.875pt x 52.41583pt>
File: structcomppare_1_1internal_1_1policy_1_1is__metric__value_3_01_metric_value_3_01_u_01_4_01_4.pdf Graphic file (type pdf)
<use structcomppare_1_1internal_1_1policy_1_1is__metric__value_3_01_metric_value_3_01_u_01_4_01_4.pdf>
Package pdftex.def Info: structcomppare_1_1internal_1_1policy_1_1is__metric__value_3_01_metric_value_3_01_u_01_4_01_4.pdf  used on input line 10.
(pdftex.def)             Requested size: 398.34544pt x 41.60199pt.
) (./classcomppare_1_1internal_1_1policy_1_1_metric_value.tex

[46]

[47]) (./classcomppare_1_1_input_context_1_1_output_context.tex

[48]

[49]

Package longtable Warning: Column widths have changed
(longtable)                in table 8.3 on input line 130.


Overfull \hbox (16.4234pt too wide) in paragraph at lines 156--159
\T1/pcr/m/n/8 using []$\OML/cmm/m/it/8 <$ \T1/pcr/m/n/8 Inputs $\OML/cmm/m/it/8 >$[]$<$ \T1/pcr/m/n/8 Specs $\OML/cmm/m/it/8 >$[]\T1/pcr/m/n/8 ::[]Out[]Ptr = std[]::shared[]_[]ptr$\OML/cmm/m/it/8 <$[]$>$
 []


Overfull \hbox (39.24582pt too wide) in paragraph at lines 164--167
\T1/pcr/m/n/8 using []$\OML/cmm/m/it/8 <$ \T1/pcr/m/n/8 Inputs $\OML/cmm/m/it/8 >$[]$<$ \T1/pcr/m/n/8 Specs $\OML/cmm/m/it/8 >$[]\T1/pcr/m/n/8 ::[]Out[]Tup = std[]::tuple$\OML/cmm/m/it/8 <$[]$<$\T1/pcr/m/n/8 Specs$\OML/cmm/m/it/8 >$\T1/pcr/m/n/8 ...$\OML/cmm/m/it/8 >$
 []



[50]
Underfull \hbox (badness 10000) in paragraph at lines 172--175
\T1/pcr/m/n/8 using []$\OML/cmm/m/it/8 <$ \T1/pcr/m/n/8 Inputs $\OML/cmm/m/it/8 >$[]$<$ \T1/pcr/m/n/8 Specs $\OML/cmm/m/it/8 >$[]\T1/pcr/m/n/8 ::[]Out[]Vec = std[]::vector$\OML/cmm/m/it/8 <$[]$>$
 []


Underfull \hbox (badness 10000) in paragraph at lines 180--184
\T1/pcr/m/n/8 using []$\OML/cmm/m/it/8 <$ \T1/pcr/m/n/8 Inputs $\OML/cmm/m/it/8 >$[]$<$ \T1/pcr/m/n/8 Specs $\OML/cmm/m/it/8 >$[]\T1/pcr/m/n/8 ::pol[]_[]t = typename []$\OML/cmm/m/it/8 <$\T1/pcr/m/n/8 S$\OML/cmm/m/it/8 >$[]
 []


Overfull \hbox (53.64583pt too wide) in paragraph at lines 189--192
\T1/pcr/m/n/8 using []$\OML/cmm/m/it/8 <$ \T1/pcr/m/n/8 Inputs $\OML/cmm/m/it/8 >$[]$<$ \T1/pcr/m/n/8 Specs $\OML/cmm/m/it/8 >$[]\T1/pcr/m/n/8 ::[]Policy[]Tup = std[]::tuple$\OML/cmm/m/it/8 <$[]$<$\T1/pcr/m/n/8 Specs$\OML/cmm/m/it/8 >$\T1/pcr/m/n/8 ...$\OML/cmm/m/it/8 >$
 []


Underfull \hbox (badness 10000) in paragraph at lines 197--201
\T1/pcr/m/n/8 using []$\OML/cmm/m/it/8 <$ \T1/pcr/m/n/8 Inputs $\OML/cmm/m/it/8 >$[]$<$ \T1/pcr/m/n/8 Specs $\OML/cmm/m/it/8 >$[]\T1/pcr/m/n/8 ::val[]_[]t = typename []$\OML/cmm/m/it/8 <$\T1/pcr/m/n/8 S$\OML/cmm/m/it/8 >$[]
 []



[51]

[52]
Underfull \hbox (badness 10000) in paragraph at lines 319--322
\T1/pcr/m/n/8 const [] []$\OML/cmm/m/it/8 <$ \T1/pcr/m/n/8 Inputs $\OML/cmm/m/it/8 >$[]$<$ \T1/pcr/m/n/8 Specs $\OML/cmm/m/it/8 >$[]\T1/pcr/m/n/8 ::get[]_[]reference[]_[]output
 []



[53]

[54]

Package longtable Warning: Column widths have changed
(longtable)                in table 8.4 on input line 381.


Underfull \hbox (badness 10000) in paragraph at lines 404--408
\T1/pcr/m/n/8 constexpr auto []$\OML/cmm/m/it/8 <$ \T1/pcr/m/n/8 Inputs $\OML/cmm/m/it/8 >$[]$<$ \T1/pcr/m/n/8 Specs $\OML/cmm/m/it/8 >$[]\T1/pcr/m/n/8 ::spec[]_[]metric[]_[]count ()
 []



[55]
Underfull \hbox (badness 10000) in paragraph at lines 451--454
\T1/pcr/m/n/8 size[]_[]t []$\OML/cmm/m/it/8 <$ \T1/pcr/m/n/8 Inputs $\OML/cmm/m/it/8 >$[]$<$ \T1/pcr/m/n/8 Specs $\OML/cmm/m/it/8 >$[]\T1/pcr/m/n/8 ::[]NUM[]_[][]OUT = sizeof...(Specs)
 []


Overfull \hbox (18.2346pt too wide) in paragraph at lines 467--470
\T1/pcr/m/n/8 std[]::shared[]_[]ptr$\OML/cmm/m/it/8 <$[]$<$[]\T1/pcr/m/n/8 , []$\OML/cmm/m/it/8 >$ $>$ []$<$ \T1/pcr/m/n/8 Inputs $\OML/cmm/m/it/8 >$[]$<$
 []


Underfull \hbox (badness 10000) in paragraph at lines 483--486
\T1/pcr/m/n/8 int []$\OML/cmm/m/it/8 <$ \T1/pcr/m/n/8 Inputs $\OML/cmm/m/it/8 >$[]$<$ \T1/pcr/m/n/8 Specs $\OML/cmm/m/it/8 >$[]\T1/pcr/m/n/8 ::[]PRINT[]_[][]COL[]_[][]WIDTH = 20 [static],
 []

) (./classcomppare_1_1plugin_1_1_plugin.tex

[56]) (./classcomppare_1_1plugin_1_1_plugin_arg_parser.tex

[57]

[58]
Underfull \hbox (badness 10000) in paragraph at lines 100--101
\T1/pcr/m/n/8 const std[]::vector$\OML/cmm/m/it/8 <$ \T1/pcr/m/n/8 std[]::string $\OML/cmm/m/it/8 >$ \T1/pcr/m/n/8 & comppare[]::plugin[]::[]Plugin[]Arg[]Parser[]::args () const [inline],
 []



[59]) (./classcomppare_1_1internal_1_1policy_1_1autopolicy_1_1_range_error_policy.tex

[60]
Underfull \hbox (badness 10000) in paragraph at lines 64--66
\T1/pcr/m/n/8 using []$\OML/cmm/m/it/8 <$ \T1/pcr/m/n/8 R $\OML/cmm/m/it/8 >$[]\T1/pcr/m/n/8 ::T = std[]::remove[]_[]cvref[]_[]
 []


Underfull \hbox (badness 10000) in paragraph at lines 83--85
[]$\OML/cmm/m/it/8 <$ [] $>$ []$<$ \T1/pcr/m/n/8 R $\OML/cmm/m/it/8 >$[]\T1/pcr/m/n/8 ::get[]_[]max ()
 []


Underfull \hbox (badness 10000) in paragraph at lines 90--92
[]$\OML/cmm/m/it/8 <$ [] $>$ []$<$ \T1/pcr/m/n/8 R $\OML/cmm/m/it/8 >$[]\T1/pcr/m/n/8 ::get[]_[]mean ()
 []


Underfull \hbox (badness 10000) in paragraph at lines 97--99
[]$\OML/cmm/m/it/8 <$ [] $>$ []$<$ \T1/pcr/m/n/8 R $\OML/cmm/m/it/8 >$[]\T1/pcr/m/n/8 ::get[]_[]total ()
 []



[61]
Underfull \hbox (badness 10000) in paragraph at lines 118--120
\T1/pcr/m/n/8 constexpr std[]::size[]_[]t []$\OML/cmm/m/it/8 <$ \T1/pcr/m/n/8 R $\OML/cmm/m/it/8 >$[]\T1/pcr/m/n/8 ::metric[]_[]
 []


Underfull \hbox (badness 10000) in paragraph at lines 125--127
\T1/pcr/m/n/8 constexpr std[]::string[]_[]view []$\OML/cmm/m/it/8 <$ \T1/pcr/m/n/8 R $\OML/cmm/m/it/8 >$[]
 []


Underfull \hbox (badness 10000) in paragraph at lines 137--139
\T1/pcr/m/n/8 std[]::size[]_[]t []$\OML/cmm/m/it/8 <$ \T1/pcr/m/n/8 R $\OML/cmm/m/it/8 >$[]\T1/pcr/m/n/8 ::elem[]_[]cnt[]_[] = 0
 []


Underfull \hbox (badness 10000) in paragraph at lines 158--160
\T1/pcr/m/n/8 std[]::array []$\OML/cmm/m/it/8 <$ \T1/pcr/m/n/8 R $\OML/cmm/m/it/8 >$[]\T1/pcr/m/n/8 ::names {"Max$\OMS/cmsy/m/n/8 j$\T1/pcr/m/n/8 err$\OMS/cmsy/m/n/8 j$\T1/pcr/m/n/8 ",
 []



[62]) (./structcomppare_1_1spec.tex) (./structcomppare_1_1spec_3_01spec_3_01_value_00_01_policy_01_4_00_01void_01_4.tex

[63]) (./structcomppare_1_1spec_3_01_value_00_01void_01_4.tex
Overfull \hbox (17.601pt too wide) in paragraph at lines 23--25
\T1/pcr/m/n/8 using []$\OML/cmm/m/it/8 <$ \T1/pcr/m/n/8 Value, void $\OML/cmm/m/it/8 >$[]\T1/pcr/m/n/8 ::policy[]_[]t = []$\OML/cmm/m/it/8 <$\T1/pcr/m/n/8 Value$\OML/cmm/m/it/8 >$ 
 []

) (./classcomppare_1_1internal_1_1policy_1_1autopolicy_1_1_string_equal_policy.tex

[64]
Underfull \hbox (badness 10000) in paragraph at lines 60--61
\T1/pcr/m/n/8 constexpr std[]::size[]_[]t comppare[]::internal[]::policy[]::autopolicy[]::[]String[]Equal[]Policy[]::metric[]_[]count
 []


Underfull \hbox (badness 10000) in paragraph at lines 66--67
\T1/pcr/m/n/8 constexpr std[]::string[]_[]view comppare[]::internal[]::policy[]::autopolicy[]::[]String[]Equal[]Policy[]::metric[]
 []



[65])

[66]
Chapter 9.
(./comppare_8hpp.tex
Underfull \hbox (badness 10000) in paragraph at lines 8--25

 []



[67

]

[68]

[69]) (./comppare_8hpp_source.tex

[70]

./comppare_8hpp_source.tex:111: LaTeX Error: Unicode character   (U+202F)
               not set up for use with LaTeX.

See the LaTeX manual or LaTeX Companion for explanation.
Type  H <return>  for immediate help.
 ...                                              
                                                  
l.111 ... 2.0.\ No\ changes\ have\ been\ made.}}
                                                  
You may provide a definition with
\DeclareUnicodeCharacter 



[71]

[72]
LaTeX Font Info:    Trying to load font information for TS1+pcr on input line 269.
 (/opt/homebrew/Cellar/texlive/20250308_1/share/texmf-dist/tex/latex/psnfss/ts1pcr.fd
File: ts1pcr.fd 2001/06/04 font definitions for TS1/pcr.
)

[73]

[74]

[75]

[76]

[77]) (./ansi_8hpp.tex
Underfull \hbox (badness 10000) in paragraph at lines 3--10

 []



[78]

[79]) (./ansi_8hpp_source.tex

[80]
Overfull \hbox (78.1555pt too wide) in paragraph at lines 96--96
\T1/pcr/m/n/7 https://learn.microsoft.com/en-us/cpp/standard-library/overloading-the-output-operator-for-your-own-classes?view=msvc-170 
 []



[81]) (./concepts_8hpp.tex

[82]
Underfull \hbox (badness 10000) in paragraph at lines 3--8

 []

) (./concepts_8hpp_source.tex

[83]) (./config_8hpp.tex
Underfull \hbox (badness 10000) in paragraph at lines 3--6

 []

) (./config_8hpp_source.tex

[84]

[85]) (./helper_8hpp.tex
Underfull \hbox (badness 10000) in paragraph at lines 3--9

 []



[86]) (./helper_8hpp_source.tex

[87]) (./policy_8hpp.tex
Underfull \hbox (badness 10000) in paragraph at lines 3--16

 []



[88]) (./policy_8hpp_source.tex

[89]

[90]

[91]

[92]

[93]) (./google__benchmark_8hpp.tex) (./google__benchmark_8hpp_source.tex

[94]

[95]

[96]) (./nvbench_8hpp.tex) (./nvbench_8hpp_source.tex

[97]

[98]) (./plugin_8hpp.tex
Underfull \hbox (badness 10000) in paragraph at lines 3--10

 []



[99]) (./plugin_8hpp_source.tex

[100]

[101])

[102]
No file refman.ind.

Package longtable Warning: Table widths have changed. Rerun LaTeX.

(./refman.aux)
 ***********
LaTeX2e <2024-11-01> patch level 2
L3 programming layer <2025-01-18>
 ***********


LaTeX Warning: There were undefined references.


LaTeX Warning: Label(s) may have changed. Rerun to get cross-references right.


Package rerunfilecheck Warning: File `refman.out' has changed.
(rerunfilecheck)                Rerun to get outlines right
(rerunfilecheck)                or use package `bookmark'.

Package rerunfilecheck Info: Checksums for `refman.out':
(rerunfilecheck)             Before: <no file>
(rerunfilecheck)             After:  0BE9C8F390969727748C0CDD348ABF57;81731.
 ) 
Here is how much of TeX's memory you used:
 19753 strings out of 473190
 368754 string characters out of 5704335
 747971 words of memory out of 5000000
 41646 multiletter control sequences out of 15000+600000
 616910 words of font info for 114 fonts, out of 8000000 for 9000
 1141 hyphenation exceptions out of 8191
 101i,16n,117p,1195b,750s stack positions out of 10000i,1000n,20000p,200000b,200000s
</opt/homebrew/Cellar/texlive/20250308_1/share/texmf-dist/fonts/type1/public/amsfonts/cm/cmmi10.pfb></opt/homebrew/Cellar/texlive/20250308_1/share/texmf-dist/fonts/type1/public/amsfonts/cm/cmmi12.pfb></opt/homebrew/Cellar/texlive/20250308_1/share/texmf-dist/fonts/type1/public/amsfonts/cm/cmmi7.pfb></opt/homebrew/Cellar/texlive/20250308_1/share/texmf-dist/fonts/type1/public/amsfonts/cm/cmmi8.pfb></opt/homebrew/Cellar/texlive/20250308_1/share/texmf-dist/fonts/type1/public/amsfonts/cm/cmsy10.pfb></opt/homebrew/Cellar/texlive/20250308_1/share/texmf-dist/fonts/type1/public/amsfonts/cm/cmsy7.pfb></opt/homebrew/Cellar/texlive/20250308_1/share/texmf-dist/fonts/type1/public/amsfonts/cm/cmsy8.pfb></opt/homebrew/Cellar/texlive/20250308_1/share/texmf-dist/fonts/type1/urw/courier/ucrb8a.pfb></opt/homebrew/Cellar/texlive/20250308_1/share/texmf-dist/fonts/type1/urw/courier/ucrr8a.pfb></opt/homebrew/Cellar/texlive/20250308_1/share/texmf-dist/fonts/type1/urw/courier/ucrro8a.pfb></opt/homebrew/Cellar/texlive/20250308_1/share/texmf-dist/fonts/type1/urw/helvetic/uhvb8a.pfb></opt/homebrew/Cellar/texlive/20250308_1/share/texmf-dist/fonts/type1/urw/helvetic/uhvb8ac.pfb></opt/homebrew/Cellar/texlive/20250308_1/share/texmf-dist/fonts/type1/urw/helvetic/uhvr8a.pfb></opt/homebrew/Cellar/texlive/20250308_1/share/texmf-dist/fonts/type1/urw/helvetic/uhvro8a.pfb>
Output written on refman.pdf (104 pages, 370621 bytes).
PDF statistics:
 3044 PDF objects out of 3580 (max. 8388607)
 2875 compressed objects within 29 object streams
 905 named destinations out of 1000 (max. 500000)
 11 words of extra memory for PDF output out of 10000 (max. 10000000)

